{"C:\\.Santhosh\\GIT Repo\\ProjectUsingTypeORM\\backend\\src\\schema.ts": {"path":"C:\\.Santhosh\\GIT Repo\\ProjectUsingTypeORM\\backend\\src\\schema.ts","statementMap":{"0":{"start":{"line":6,"column":0},"end":{"line":6,"column":7}},"1":{"start":{"line":1,"column":0},"end":{"line":1,"column":89}},"2":{"start":{"line":2,"column":0},"end":{"line":2,"column":68}},"3":{"start":{"line":3,"column":0},"end":{"line":3,"column":65}},"4":{"start":{"line":4,"column":0},"end":{"line":4,"column":43}},"5":{"start":{"line":7,"column":2},"end":{"line":10,"column":5}}},"fnMap":{"0":{"name":"createSchema","decl":{"start":{"line":6,"column":22},"end":{"line":6,"column":34}},"loc":{"start":{"line":6,"column":34},"end":{"line":11,"column":1}}}},"branchMap":{},"s":{"0":0,"1":0,"2":0,"3":0,"4":0,"5":0},"f":{"0":0},"b":{}}
,"C:\\.Santhosh\\GIT Repo\\ProjectUsingTypeORM\\backend\\src\\server.ts": {"path":"C:\\.Santhosh\\GIT Repo\\ProjectUsingTypeORM\\backend\\src\\server.ts","statementMap":{"0":{"start":{"line":1,"column":0},"end":{"line":1,"column":53}},"1":{"start":{"line":2,"column":0},"end":{"line":2,"column":48}},"2":{"start":{"line":3,"column":0},"end":{"line":3,"column":40}},"3":{"start":{"line":4,"column":0},"end":{"line":4,"column":28}},"4":{"start":{"line":5,"column":0},"end":{"line":5,"column":30}},"5":{"start":{"line":6,"column":0},"end":{"line":6,"column":31}},"6":{"start":{"line":7,"column":0},"end":{"line":7,"column":16}},"7":{"start":{"line":11,"column":16},"end":{"line":11,"column":32}},"8":{"start":{"line":13,"column":4},"end":{"line":13,"column":34}},"9":{"start":{"line":15,"column":4},"end":{"line":15,"column":42}},"10":{"start":{"line":17,"column":19},"end":{"line":17,"column":39}},"11":{"start":{"line":19,"column":25},"end":{"line":35,"column":6}},"12":{"start":{"line":22,"column":27},"end":{"line":22,"column":58}},"13":{"start":{"line":23,"column":22},"end":{"line":23,"column":83}},"14":{"start":{"line":24,"column":22},"end":{"line":24,"column":26}},"15":{"start":{"line":25,"column":8},"end":{"line":32,"column":9}},"16":{"start":{"line":26,"column":12},"end":{"line":31,"column":13}},"17":{"start":{"line":27,"column":16},"end":{"line":27,"column":88}},"18":{"start":{"line":29,"column":16},"end":{"line":29,"column":41}},"19":{"start":{"line":30,"column":16},"end":{"line":30,"column":39}},"20":{"start":{"line":33,"column":8},"end":{"line":33,"column":34}},"21":{"start":{"line":37,"column":4},"end":{"line":37,"column":31}},"22":{"start":{"line":39,"column":4},"end":{"line":39,"column":42}},"23":{"start":{"line":41,"column":4},"end":{"line":41,"column":137}},"24":{"start":{"line":41,"column":47},"end":{"line":41,"column":135}},"25":{"start":{"line":44,"column":0},"end":{"line":44,"column":14}}},"fnMap":{"0":{"name":"startServer","decl":{"start":{"line":9,"column":15},"end":{"line":9,"column":26}},"loc":{"start":{"line":9,"column":26},"end":{"line":42,"column":1}}},"1":{"name":"(anonymous_2)","decl":{"start":{"line":21,"column":17},"end":{"line":21,"column":18}},"loc":{"start":{"line":21,"column":29},"end":{"line":34,"column":5}}},"2":{"name":"(anonymous_3)","decl":{"start":{"line":41,"column":41},"end":{"line":41,"column":44}},"loc":{"start":{"line":41,"column":47},"end":{"line":41,"column":135}}}},"branchMap":{"0":{"loc":{"start":{"line":22,"column":27},"end":{"line":22,"column":58}},"type":"binary-expr","locations":[{"start":{"line":22,"column":27},"end":{"line":22,"column":52}},{"start":{"line":22,"column":56},"end":{"line":22,"column":58}}]},"1":{"loc":{"start":{"line":23,"column":22},"end":{"line":23,"column":83}},"type":"cond-expr","locations":[{"start":{"line":23,"column":57},"end":{"line":23,"column":76}},{"start":{"line":23,"column":79},"end":{"line":23,"column":83}}]},"2":{"loc":{"start":{"line":25,"column":8},"end":{"line":32,"column":9}},"type":"if","locations":[{"start":{"line":25,"column":8},"end":{"line":32,"column":9}}]}},"s":{"0":0,"1":0,"2":0,"3":0,"4":0,"5":0,"6":0,"7":0,"8":0,"9":0,"10":0,"11":0,"12":0,"13":0,"14":0,"15":0,"16":0,"17":0,"18":0,"19":0,"20":0,"21":0,"22":0,"23":0,"24":0,"25":0},"f":{"0":0,"1":0,"2":0},"b":{"0":[0,0],"1":[0,0],"2":[0]}}
,"C:\\.Santhosh\\GIT Repo\\ProjectUsingTypeORM\\backend\\src\\database\\data-source.ts": {"path":"C:\\.Santhosh\\GIT Repo\\ProjectUsingTypeORM\\backend\\src\\database\\data-source.ts","statementMap":{"0":{"start":{"line":1,"column":0},"end":{"line":1,"column":56}},"1":{"start":{"line":2,"column":0},"end":{"line":2,"column":28}},"2":{"start":{"line":3,"column":0},"end":{"line":3,"column":59}},"3":{"start":{"line":4,"column":0},"end":{"line":4,"column":62}},"4":{"start":{"line":5,"column":0},"end":{"line":5,"column":83}},"5":{"start":{"line":6,"column":0},"end":{"line":6,"column":16}},"6":{"start":{"line":8,"column":13},"end":{"line":19,"column":2}},"7":{"start":{"line":21,"column":19},"end":{"line":21,"column":48}},"8":{"start":{"line":22,"column":0},"end":{"line":22,"column":26}}},"fnMap":{},"branchMap":{},"s":{"0":0,"1":0,"2":0,"3":0,"4":0,"5":0,"6":0,"7":0,"8":0},"f":{},"b":{}}
,"C:\\.Santhosh\\GIT Repo\\ProjectUsingTypeORM\\backend\\src\\database\\migrations\\1743532262462-migrationFile.ts": {"path":"C:\\.Santhosh\\GIT Repo\\ProjectUsingTypeORM\\backend\\src\\database\\migrations\\1743532262462-migrationFile.ts","statementMap":{"0":{"start":{"line":4,"column":4},"end":{"line":4,"column":null}},"1":{"start":{"line":7,"column":8},"end":{"line":7,"column":409}},"2":{"start":{"line":8,"column":8},"end":{"line":8,"column":713}},"3":{"start":{"line":9,"column":8},"end":{"line":9,"column":933}},"4":{"start":{"line":10,"column":8},"end":{"line":10,"column":200}},"5":{"start":{"line":11,"column":8},"end":{"line":11,"column":200}},"6":{"start":{"line":12,"column":8},"end":{"line":12,"column":197}},"7":{"start":{"line":16,"column":8},"end":{"line":16,"column":105}},"8":{"start":{"line":17,"column":8},"end":{"line":17,"column":112}},"9":{"start":{"line":18,"column":8},"end":{"line":18,"column":112}},"10":{"start":{"line":19,"column":8},"end":{"line":19,"column":54}},"11":{"start":{"line":20,"column":8},"end":{"line":20,"column":55}},"12":{"start":{"line":21,"column":8},"end":{"line":21,"column":62}},"13":{"start":{"line":3,"column":0},"end":{"line":3,"column":13}}},"fnMap":{"0":{"name":"(anonymous_0)","decl":{"start":{"line":3,"column":0},"end":{"line":3,"column":13}},"loc":{"start":{"line":3,"column":0},"end":{"line":24,"column":1}}},"1":{"name":"(anonymous_1)","decl":{"start":{"line":6,"column":11},"end":{"line":6,"column":16}},"loc":{"start":{"line":6,"column":44},"end":{"line":13,"column":5}}},"2":{"name":"(anonymous_2)","decl":{"start":{"line":15,"column":11},"end":{"line":15,"column":16}},"loc":{"start":{"line":15,"column":46},"end":{"line":22,"column":5}}}},"branchMap":{},"s":{"0":0,"1":0,"2":0,"3":0,"4":0,"5":0,"6":0,"7":0,"8":0,"9":0,"10":0,"11":0,"12":0,"13":0},"f":{"0":0,"1":0,"2":0},"b":{}}
,"C:\\.Santhosh\\GIT Repo\\ProjectUsingTypeORM\\backend\\src\\database\\migrations\\1743830691252-update.ts": {"path":"C:\\.Santhosh\\GIT Repo\\ProjectUsingTypeORM\\backend\\src\\database\\migrations\\1743830691252-update.ts","statementMap":{"0":{"start":{"line":4,"column":4},"end":{"line":4,"column":null}},"1":{"start":{"line":7,"column":8},"end":{"line":7,"column":112}},"2":{"start":{"line":8,"column":8},"end":{"line":8,"column":92}},"3":{"start":{"line":9,"column":8},"end":{"line":9,"column":198}},"4":{"start":{"line":10,"column":8},"end":{"line":10,"column":209}},"5":{"start":{"line":14,"column":8},"end":{"line":14,"column":112}},"6":{"start":{"line":15,"column":8},"end":{"line":15,"column":112}},"7":{"start":{"line":16,"column":8},"end":{"line":16,"column":95}},"8":{"start":{"line":17,"column":8},"end":{"line":17,"column":200}},"9":{"start":{"line":3,"column":0},"end":{"line":3,"column":13}}},"fnMap":{"0":{"name":"(anonymous_0)","decl":{"start":{"line":3,"column":0},"end":{"line":3,"column":13}},"loc":{"start":{"line":3,"column":0},"end":{"line":20,"column":1}}},"1":{"name":"(anonymous_1)","decl":{"start":{"line":6,"column":11},"end":{"line":6,"column":16}},"loc":{"start":{"line":6,"column":44},"end":{"line":11,"column":5}}},"2":{"name":"(anonymous_2)","decl":{"start":{"line":13,"column":11},"end":{"line":13,"column":16}},"loc":{"start":{"line":13,"column":46},"end":{"line":18,"column":5}}}},"branchMap":{},"s":{"0":0,"1":0,"2":0,"3":0,"4":0,"5":0,"6":0,"7":0,"8":0,"9":0},"f":{"0":0,"1":0,"2":0},"b":{}}
,"C:\\.Santhosh\\GIT Repo\\ProjectUsingTypeORM\\backend\\src\\modules\\Asset\\asset.resolver.ts": {"path":"C:\\.Santhosh\\GIT Repo\\ProjectUsingTypeORM\\backend\\src\\modules\\Asset\\asset.resolver.ts","statementMap":{"0":{"start":{"line":1,"column":0},"end":{"line":1,"column":67}},"1":{"start":{"line":2,"column":0},"end":{"line":2,"column":47}},"2":{"start":{"line":3,"column":0},"end":{"line":3,"column":47}},"3":{"start":{"line":4,"column":0},"end":{"line":4,"column":64}},"4":{"start":{"line":5,"column":0},"end":{"line":5,"column":53}},"5":{"start":{"line":10,"column":7},"end":{"line":114,"column":null}},"6":{"start":{"line":15,"column":8},"end":{"line":15,"column":47}},"7":{"start":{"line":20,"column":8},"end":{"line":24,"column":9}},"8":{"start":{"line":21,"column":12},"end":{"line":21,"column":58}},"9":{"start":{"line":23,"column":12},"end":{"line":23,"column":68}},"10":{"start":{"line":33,"column":8},"end":{"line":38,"column":9}},"11":{"start":{"line":34,"column":12},"end":{"line":34,"column":96}},"12":{"start":{"line":37,"column":12},"end":{"line":37,"column":81}},"13":{"start":{"line":44,"column":8},"end":{"line":49,"column":9}},"14":{"start":{"line":45,"column":12},"end":{"line":45,"column":60}},"15":{"start":{"line":48,"column":12},"end":{"line":48,"column":64}},"16":{"start":{"line":54,"column":8},"end":{"line":59,"column":9}},"17":{"start":{"line":55,"column":12},"end":{"line":55,"column":73}},"18":{"start":{"line":58,"column":12},"end":{"line":58,"column":72}},"19":{"start":{"line":64,"column":8},"end":{"line":69,"column":9}},"20":{"start":{"line":65,"column":12},"end":{"line":65,"column":57}},"21":{"start":{"line":68,"column":12},"end":{"line":68,"column":71}},"22":{"start":{"line":77,"column":8},"end":{"line":81,"column":9}},"23":{"start":{"line":78,"column":12},"end":{"line":78,"column":71}},"24":{"start":{"line":80,"column":12},"end":{"line":80,"column":70}},"25":{"start":{"line":88,"column":8},"end":{"line":92,"column":9}},"26":{"start":{"line":89,"column":12},"end":{"line":89,"column":59}},"27":{"start":{"line":91,"column":12},"end":{"line":91,"column":67}},"28":{"start":{"line":97,"column":8},"end":{"line":102,"column":9}},"29":{"start":{"line":98,"column":12},"end":{"line":98,"column":59}},"30":{"start":{"line":101,"column":12},"end":{"line":101,"column":70}},"31":{"start":{"line":107,"column":8},"end":{"line":112,"column":9}},"32":{"start":{"line":108,"column":12},"end":{"line":108,"column":61}},"33":{"start":{"line":111,"column":12},"end":{"line":111,"column":72}},"34":{"start":{"line":10,"column":13},"end":{"line":10,"column":26}},"35":{"start":{"line":19,"column":10},"end":{"line":25,"column":null}},"36":{"start":{"line":18,"column":17},"end":{"line":18,"column":25}},"37":{"start":{"line":28,"column":10},"end":{"line":39,"column":null}},"38":{"start":{"line":27,"column":17},"end":{"line":27,"column":32}},"39":{"start":{"line":29,"column":27},"end":{"line":29,"column":30}},"40":{"start":{"line":30,"column":28},"end":{"line":30,"column":31}},"41":{"start":{"line":31,"column":38},"end":{"line":31,"column":52}},"42":{"start":{"line":43,"column":10},"end":{"line":50,"column":null}},"43":{"start":{"line":42,"column":17},"end":{"line":42,"column":23}},"44":{"start":{"line":53,"column":10},"end":{"line":60,"column":null}},"45":{"start":{"line":52,"column":17},"end":{"line":52,"column":25}},"46":{"start":{"line":63,"column":10},"end":{"line":70,"column":null}},"47":{"start":{"line":62,"column":20},"end":{"line":62,"column":28}},"48":{"start":{"line":73,"column":10},"end":{"line":82,"column":null}},"49":{"start":{"line":72,"column":20},"end":{"line":72,"column":26}},"50":{"start":{"line":87,"column":10},"end":{"line":93,"column":null}},"51":{"start":{"line":86,"column":20},"end":{"line":86,"column":26}},"52":{"start":{"line":87,"column":39},"end":{"line":87,"column":52}},"53":{"start":{"line":96,"column":10},"end":{"line":103,"column":null}},"54":{"start":{"line":95,"column":20},"end":{"line":95,"column":26}},"55":{"start":{"line":106,"column":10},"end":{"line":113,"column":null}},"56":{"start":{"line":105,"column":20},"end":{"line":105,"column":26}},"57":{"start":{"line":10,"column":13},"end":{"line":114,"column":null}}},"fnMap":{"0":{"name":"(anonymous_4)","decl":{"start":{"line":14,"column":4},"end":{"line":14,"column":null}},"loc":{"start":{"line":14,"column":4},"end":{"line":16,"column":5}}},"1":{"name":"(anonymous_5)","decl":{"start":{"line":19,"column":4},"end":{"line":19,"column":9}},"loc":{"start":{"line":19,"column":19},"end":{"line":25,"column":5}}},"2":{"name":"(anonymous_6)","decl":{"start":{"line":28,"column":4},"end":{"line":28,"column":9}},"loc":{"start":{"line":31,"column":105},"end":{"line":39,"column":5}}},"3":{"name":"(anonymous_7)","decl":{"start":{"line":43,"column":4},"end":{"line":43,"column":9}},"loc":{"start":{"line":43,"column":37},"end":{"line":50,"column":5}}},"4":{"name":"(anonymous_8)","decl":{"start":{"line":53,"column":4},"end":{"line":53,"column":9}},"loc":{"start":{"line":53,"column":62},"end":{"line":60,"column":5}}},"5":{"name":"(anonymous_9)","decl":{"start":{"line":63,"column":4},"end":{"line":63,"column":9}},"loc":{"start":{"line":63,"column":22},"end":{"line":70,"column":5}}},"6":{"name":"(anonymous_10)","decl":{"start":{"line":73,"column":4},"end":{"line":73,"column":9}},"loc":{"start":{"line":75,"column":46},"end":{"line":82,"column":5}}},"7":{"name":"(anonymous_11)","decl":{"start":{"line":87,"column":4},"end":{"line":87,"column":9}},"loc":{"start":{"line":87,"column":74},"end":{"line":93,"column":5}}},"8":{"name":"(anonymous_12)","decl":{"start":{"line":96,"column":4},"end":{"line":96,"column":9}},"loc":{"start":{"line":96,"column":43},"end":{"line":103,"column":5}}},"9":{"name":"(anonymous_13)","decl":{"start":{"line":106,"column":4},"end":{"line":106,"column":9}},"loc":{"start":{"line":106,"column":45},"end":{"line":113,"column":5}}},"10":{"name":"(anonymous_14)","decl":{"start":{"line":18,"column":11},"end":{"line":18,"column":14}},"loc":{"start":{"line":18,"column":17},"end":{"line":18,"column":25}}},"11":{"name":"(anonymous_15)","decl":{"start":{"line":27,"column":11},"end":{"line":27,"column":14}},"loc":{"start":{"line":27,"column":17},"end":{"line":27,"column":32}}},"12":{"name":"(anonymous_16)","decl":{"start":{"line":29,"column":21},"end":{"line":29,"column":24}},"loc":{"start":{"line":29,"column":27},"end":{"line":29,"column":30}}},"13":{"name":"(anonymous_17)","decl":{"start":{"line":30,"column":22},"end":{"line":30,"column":25}},"loc":{"start":{"line":30,"column":28},"end":{"line":30,"column":31}}},"14":{"name":"(anonymous_18)","decl":{"start":{"line":31,"column":32},"end":{"line":31,"column":35}},"loc":{"start":{"line":31,"column":38},"end":{"line":31,"column":52}}},"15":{"name":"(anonymous_19)","decl":{"start":{"line":42,"column":11},"end":{"line":42,"column":14}},"loc":{"start":{"line":42,"column":17},"end":{"line":42,"column":23}}},"16":{"name":"(anonymous_20)","decl":{"start":{"line":52,"column":11},"end":{"line":52,"column":14}},"loc":{"start":{"line":52,"column":17},"end":{"line":52,"column":25}}},"17":{"name":"(anonymous_21)","decl":{"start":{"line":62,"column":14},"end":{"line":62,"column":17}},"loc":{"start":{"line":62,"column":20},"end":{"line":62,"column":28}}},"18":{"name":"(anonymous_22)","decl":{"start":{"line":72,"column":14},"end":{"line":72,"column":17}},"loc":{"start":{"line":72,"column":20},"end":{"line":72,"column":26}}},"19":{"name":"(anonymous_23)","decl":{"start":{"line":86,"column":14},"end":{"line":86,"column":17}},"loc":{"start":{"line":86,"column":20},"end":{"line":86,"column":26}}},"20":{"name":"(anonymous_24)","decl":{"start":{"line":87,"column":33},"end":{"line":87,"column":36}},"loc":{"start":{"line":87,"column":39},"end":{"line":87,"column":52}}},"21":{"name":"(anonymous_25)","decl":{"start":{"line":95,"column":14},"end":{"line":95,"column":17}},"loc":{"start":{"line":95,"column":20},"end":{"line":95,"column":26}}},"22":{"name":"(anonymous_26)","decl":{"start":{"line":105,"column":14},"end":{"line":105,"column":17}},"loc":{"start":{"line":105,"column":20},"end":{"line":105,"column":26}}}},"branchMap":{},"s":{"0":0,"1":0,"2":0,"3":0,"4":0,"5":0,"6":0,"7":0,"8":0,"9":0,"10":0,"11":0,"12":0,"13":0,"14":0,"15":0,"16":0,"17":0,"18":0,"19":0,"20":0,"21":0,"22":0,"23":0,"24":0,"25":0,"26":0,"27":0,"28":0,"29":0,"30":0,"31":0,"32":0,"33":0,"34":0,"35":0,"36":0,"37":0,"38":0,"39":0,"40":0,"41":0,"42":0,"43":0,"44":0,"45":0,"46":0,"47":0,"48":0,"49":0,"50":0,"51":0,"52":0,"53":0,"54":0,"55":0,"56":0,"57":0},"f":{"0":0,"1":0,"2":0,"3":0,"4":0,"5":0,"6":0,"7":0,"8":0,"9":0,"10":0,"11":0,"12":0,"13":0,"14":0,"15":0,"16":0,"17":0,"18":0,"19":0,"20":0,"21":0,"22":0},"b":{}}
,"C:\\.Santhosh\\GIT Repo\\ProjectUsingTypeORM\\backend\\src\\modules\\Asset\\asset.service.ts": {"path":"C:\\.Santhosh\\GIT Repo\\ProjectUsingTypeORM\\backend\\src\\modules\\Asset\\asset.service.ts","statementMap":{"0":{"start":{"line":1,"column":0},"end":{"line":1,"column":45}},"1":{"start":{"line":2,"column":0},"end":{"line":2,"column":47}},"2":{"start":{"line":3,"column":0},"end":{"line":3,"column":51}},"3":{"start":{"line":4,"column":0},"end":{"line":4,"column":52}},"4":{"start":{"line":5,"column":0},"end":{"line":5,"column":28}},"5":{"start":{"line":6,"column":0},"end":{"line":6,"column":54}},"6":{"start":{"line":7,"column":0},"end":{"line":7,"column":69}},"7":{"start":{"line":9,"column":0},"end":{"line":9,"column":39}},"8":{"start":{"line":10,"column":0},"end":{"line":10,"column":24}},"9":{"start":{"line":12,"column":0},"end":{"line":12,"column":16}},"10":{"start":{"line":20,"column":8},"end":{"line":20,"column":64}},"11":{"start":{"line":21,"column":8},"end":{"line":21,"column":62}},"12":{"start":{"line":25,"column":8},"end":{"line":25,"column":105}},"13":{"start":{"line":29,"column":37},"end":{"line":30,"column":75}},"14":{"start":{"line":31,"column":8},"end":{"line":31,"column":38}},"15":{"start":{"line":35,"column":8},"end":{"line":35,"column":112}},"16":{"start":{"line":39,"column":8},"end":{"line":39,"column":133}},"17":{"start":{"line":43,"column":25},"end":{"line":43,"column":70}},"18":{"start":{"line":44,"column":21},"end":{"line":44,"column":54}},"19":{"start":{"line":45,"column":21},"end":{"line":45,"column":37}},"20":{"start":{"line":46,"column":8},"end":{"line":50,"column":12}},"21":{"start":{"line":46,"column":87},"end":{"line":49,"column":null}},"22":{"start":{"line":51,"column":27},"end":{"line":51,"column":62}},"23":{"start":{"line":52,"column":8},"end":{"line":52,"column":53}},"24":{"start":{"line":56,"column":8},"end":{"line":93,"column":9}},"25":{"start":{"line":57,"column":26},"end":{"line":57,"column":79}},"26":{"start":{"line":58,"column":12},"end":{"line":60,"column":13}},"27":{"start":{"line":59,"column":16},"end":{"line":59,"column":66}},"28":{"start":{"line":61,"column":25},"end":{"line":61,"column":90}},"29":{"start":{"line":62,"column":12},"end":{"line":64,"column":13}},"30":{"start":{"line":63,"column":16},"end":{"line":63,"column":65}},"31":{"start":{"line":65,"column":12},"end":{"line":65,"column":36}},"32":{"start":{"line":66,"column":12},"end":{"line":66,"column":60}},"33":{"start":{"line":67,"column":12},"end":{"line":67,"column":45}},"34":{"start":{"line":68,"column":12},"end":{"line":68,"column":51}},"35":{"start":{"line":69,"column":12},"end":{"line":89,"column":13}},"36":{"start":{"line":70,"column":16},"end":{"line":88,"column":19}},"37":{"start":{"line":90,"column":12},"end":{"line":90,"column":25}},"38":{"start":{"line":92,"column":12},"end":{"line":92,"column":null}},"39":{"start":{"line":97,"column":8},"end":{"line":105,"column":9}},"40":{"start":{"line":98,"column":99},"end":{"line":98,"column":104}},"41":{"start":{"line":99,"column":29},"end":{"line":99,"column":212}},"42":{"start":{"line":100,"column":12},"end":{"line":100,"column":48}},"43":{"start":{"line":101,"column":12},"end":{"line":101,"column":46}},"44":{"start":{"line":104,"column":12},"end":{"line":104,"column":66}},"45":{"start":{"line":109,"column":8},"end":{"line":139,"column":9}},"46":{"start":{"line":110,"column":26},"end":{"line":110,"column":121}},"47":{"start":{"line":111,"column":12},"end":{"line":113,"column":13}},"48":{"start":{"line":112,"column":16},"end":{"line":112,"column":66}},"49":{"start":{"line":114,"column":25},"end":{"line":114,"column":99}},"50":{"start":{"line":115,"column":12},"end":{"line":115,"column":146}},"51":{"start":{"line":116,"column":12},"end":{"line":135,"column":13}},"52":{"start":{"line":117,"column":16},"end":{"line":134,"column":null}},"53":{"start":{"line":136,"column":12},"end":{"line":136,"column":48}},"54":{"start":{"line":138,"column":12},"end":{"line":138,"column":68}},"55":{"start":{"line":143,"column":8},"end":{"line":164,"column":9}},"56":{"start":{"line":144,"column":27},"end":{"line":144,"column":80}},"57":{"start":{"line":145,"column":25},"end":{"line":145,"column":98}},"58":{"start":{"line":146,"column":26},"end":{"line":146,"column":189}},"59":{"start":{"line":147,"column":12},"end":{"line":160,"column":13}},"60":{"start":{"line":148,"column":16},"end":{"line":159,"column":null}},"61":{"start":{"line":161,"column":12},"end":{"line":161,"column":102}},"62":{"start":{"line":163,"column":12},"end":{"line":163,"column":70}},"63":{"start":{"line":14,"column":0},"end":{"line":14,"column":13}},"64":{"start":{"line":167,"column":13},"end":{"line":167,"column":47}}},"fnMap":{"0":{"name":"(anonymous_1)","decl":{"start":{"line":19,"column":4},"end":{"line":19,"column":null}},"loc":{"start":{"line":19,"column":4},"end":{"line":22,"column":5}}},"1":{"name":"(anonymous_2)","decl":{"start":{"line":24,"column":4},"end":{"line":24,"column":9}},"loc":{"start":{"line":24,"column":22},"end":{"line":26,"column":5}}},"2":{"name":"(anonymous_3)","decl":{"start":{"line":28,"column":4},"end":{"line":28,"column":9}},"loc":{"start":{"line":28,"column":94},"end":{"line":32,"column":5}}},"3":{"name":"(anonymous_4)","decl":{"start":{"line":34,"column":4},"end":{"line":34,"column":9}},"loc":{"start":{"line":34,"column":33},"end":{"line":36,"column":5}}},"4":{"name":"(anonymous_5)","decl":{"start":{"line":38,"column":4},"end":{"line":38,"column":9}},"loc":{"start":{"line":38,"column":42},"end":{"line":40,"column":5}}},"5":{"name":"(anonymous_6)","decl":{"start":{"line":42,"column":4},"end":{"line":42,"column":9}},"loc":{"start":{"line":42,"column":21},"end":{"line":53,"column":5}}},"6":{"name":"(anonymous_7)","decl":{"start":{"line":46,"column":28},"end":{"line":46,"column":29}},"loc":{"start":{"line":46,"column":87},"end":{"line":49,"column":null}}},"7":{"name":"(anonymous_8)","decl":{"start":{"line":55,"column":4},"end":{"line":55,"column":9}},"loc":{"start":{"line":55,"column":53},"end":{"line":94,"column":5}}},"8":{"name":"(anonymous_9)","decl":{"start":{"line":96,"column":4},"end":{"line":96,"column":9}},"loc":{"start":{"line":96,"column":39},"end":{"line":106,"column":5}}},"9":{"name":"(anonymous_10)","decl":{"start":{"line":108,"column":4},"end":{"line":108,"column":9}},"loc":{"start":{"line":108,"column":32},"end":{"line":140,"column":5}}},"10":{"name":"(anonymous_11)","decl":{"start":{"line":142,"column":4},"end":{"line":142,"column":9}},"loc":{"start":{"line":142,"column":34},"end":{"line":165,"column":5}}}},"branchMap":{"0":{"loc":{"start":{"line":29,"column":92},"end":{"line":29,"column":134}},"type":"cond-expr","locations":[{"start":{"line":29,"column":110},"end":{"line":29,"column":129}},{"start":{"line":29,"column":132},"end":{"line":29,"column":134}}]},"1":{"loc":{"start":{"line":58,"column":12},"end":{"line":60,"column":13}},"type":"if","locations":[{"start":{"line":58,"column":12},"end":{"line":60,"column":13}}]},"2":{"loc":{"start":{"line":62,"column":12},"end":{"line":64,"column":13}},"type":"if","locations":[{"start":{"line":62,"column":12},"end":{"line":64,"column":13}}]},"3":{"loc":{"start":{"line":69,"column":12},"end":{"line":89,"column":13}},"type":"if","locations":[{"start":{"line":69,"column":12},"end":{"line":89,"column":13}}]},"4":{"loc":{"start":{"line":111,"column":12},"end":{"line":113,"column":13}},"type":"if","locations":[{"start":{"line":111,"column":12},"end":{"line":113,"column":13}}]},"5":{"loc":{"start":{"line":114,"column":74},"end":{"line":114,"column":94}},"type":"cond-expr","locations":[{"start":{"line":114,"column":90},"end":{"line":114,"column":92}},{"start":{"line":114,"column":90},"end":{"line":114,"column":94}}]},"6":{"loc":{"start":{"line":114,"column":74},"end":{"line":114,"column":92}},"type":"binary-expr","locations":[{"start":{"line":114,"column":74},"end":{"line":114,"column":92}},{"start":{"line":114,"column":90},"end":{"line":114,"column":92}}]},"7":{"loc":{"start":{"line":116,"column":12},"end":{"line":135,"column":13}},"type":"if","locations":[{"start":{"line":116,"column":12},"end":{"line":135,"column":13}}]},"8":{"loc":{"start":{"line":145,"column":74},"end":{"line":145,"column":93}},"type":"cond-expr","locations":[{"start":{"line":145,"column":80},"end":{"line":145,"column":82}},{"start":{"line":145,"column":74},"end":{"line":145,"column":93}}]},"9":{"loc":{"start":{"line":145,"column":74},"end":{"line":145,"column":82}},"type":"binary-expr","locations":[{"start":{"line":145,"column":74},"end":{"line":145,"column":82}},{"start":{"line":145,"column":74},"end":{"line":145,"column":82}}]},"10":{"loc":{"start":{"line":147,"column":12},"end":{"line":160,"column":13}},"type":"if","locations":[{"start":{"line":147,"column":12},"end":{"line":160,"column":13}}]},"11":{"loc":{"start":{"line":161,"column":19},"end":{"line":161,"column":101}},"type":"cond-expr","locations":[{"start":{"line":161,"column":36},"end":{"line":161,"column":69}},{"start":{"line":161,"column":72},"end":{"line":161,"column":101}}]}},"s":{"0":0,"1":0,"2":0,"3":0,"4":0,"5":0,"6":0,"7":0,"8":0,"9":0,"10":0,"11":0,"12":0,"13":0,"14":0,"15":0,"16":0,"17":0,"18":0,"19":0,"20":0,"21":0,"22":0,"23":0,"24":0,"25":0,"26":0,"27":0,"28":0,"29":0,"30":0,"31":0,"32":0,"33":0,"34":0,"35":0,"36":0,"37":0,"38":0,"39":0,"40":0,"41":0,"42":0,"43":0,"44":0,"45":0,"46":0,"47":0,"48":0,"49":0,"50":0,"51":0,"52":0,"53":0,"54":0,"55":0,"56":0,"57":0,"58":0,"59":0,"60":0,"61":0,"62":0,"63":0,"64":0},"f":{"0":0,"1":0,"2":0,"3":0,"4":0,"5":0,"6":0,"7":0,"8":0,"9":0,"10":0},"b":{"0":[0,0],"1":[0],"2":[0],"3":[0],"4":[0],"5":[0,0],"6":[0,0],"7":[0],"8":[0,0],"9":[0,0],"10":[0],"11":[0,0]}}
,"C:\\.Santhosh\\GIT Repo\\ProjectUsingTypeORM\\backend\\src\\modules\\Asset\\entity\\asset.entity.ts": {"path":"C:\\.Santhosh\\GIT Repo\\ProjectUsingTypeORM\\backend\\src\\modules\\Asset\\entity\\asset.entity.ts","statementMap":{"0":{"start":{"line":1,"column":0},"end":{"line":1,"column":135}},"1":{"start":{"line":2,"column":0},"end":{"line":2,"column":54}},"2":{"start":{"line":3,"column":0},"end":{"line":3,"column":49}},"3":{"start":{"line":4,"column":0},"end":{"line":4,"column":62}},"4":{"start":{"line":5,"column":0},"end":{"line":5,"column":78}},"5":{"start":{"line":9,"column":7},"end":{"line":80,"column":null}},"6":{"start":{"line":9,"column":13},"end":{"line":9,"column":19}},"7":{"start":{"line":12,"column":4},"end":{"line":12,"column":null}},"8":{"start":{"line":16,"column":4},"end":{"line":16,"column":null}},"9":{"start":{"line":20,"column":4},"end":{"line":20,"column":null}},"10":{"start":{"line":24,"column":4},"end":{"line":24,"column":null}},"11":{"start":{"line":28,"column":4},"end":{"line":28,"column":null}},"12":{"start":{"line":32,"column":4},"end":{"line":32,"column":null}},"13":{"start":{"line":36,"column":4},"end":{"line":36,"column":null}},"14":{"start":{"line":40,"column":4},"end":{"line":40,"column":null}},"15":{"start":{"line":44,"column":4},"end":{"line":44,"column":null}},"16":{"start":{"line":48,"column":4},"end":{"line":48,"column":null}},"17":{"start":{"line":52,"column":4},"end":{"line":52,"column":null}},"18":{"start":{"line":56,"column":4},"end":{"line":56,"column":null}},"19":{"start":{"line":60,"column":4},"end":{"line":60,"column":null}},"20":{"start":{"line":64,"column":4},"end":{"line":64,"column":null}},"21":{"start":{"line":69,"column":4},"end":{"line":69,"column":null}},"22":{"start":{"line":66,"column":21},"end":{"line":66,"column":26}},"23":{"start":{"line":66,"column":38},"end":{"line":66,"column":49}},"24":{"start":{"line":68,"column":17},"end":{"line":68,"column":22}},"25":{"start":{"line":74,"column":4},"end":{"line":74,"column":null}},"26":{"start":{"line":72,"column":21},"end":{"line":72,"column":34}},"27":{"start":{"line":72,"column":54},"end":{"line":72,"column":74}},"28":{"start":{"line":73,"column":17},"end":{"line":73,"column":32}},"29":{"start":{"line":79,"column":4},"end":{"line":79,"column":null}},"30":{"start":{"line":77,"column":21},"end":{"line":77,"column":34}},"31":{"start":{"line":77,"column":54},"end":{"line":77,"column":82}},"32":{"start":{"line":78,"column":17},"end":{"line":78,"column":32}},"33":{"start":{"line":9,"column":13},"end":{"line":80,"column":null}}},"fnMap":{"0":{"name":"(anonymous_2)","decl":{"start":{"line":66,"column":15},"end":{"line":66,"column":18}},"loc":{"start":{"line":66,"column":21},"end":{"line":66,"column":26}}},"1":{"name":"(anonymous_3)","decl":{"start":{"line":66,"column":28},"end":{"line":66,"column":29}},"loc":{"start":{"line":66,"column":38},"end":{"line":66,"column":49}}},"2":{"name":"(anonymous_4)","decl":{"start":{"line":68,"column":11},"end":{"line":68,"column":14}},"loc":{"start":{"line":68,"column":17},"end":{"line":68,"column":22}}},"3":{"name":"(anonymous_5)","decl":{"start":{"line":72,"column":15},"end":{"line":72,"column":18}},"loc":{"start":{"line":72,"column":21},"end":{"line":72,"column":34}}},"4":{"name":"(anonymous_6)","decl":{"start":{"line":72,"column":36},"end":{"line":72,"column":37}},"loc":{"start":{"line":72,"column":54},"end":{"line":72,"column":74}}},"5":{"name":"(anonymous_7)","decl":{"start":{"line":73,"column":11},"end":{"line":73,"column":14}},"loc":{"start":{"line":73,"column":17},"end":{"line":73,"column":32}}},"6":{"name":"(anonymous_8)","decl":{"start":{"line":77,"column":15},"end":{"line":77,"column":18}},"loc":{"start":{"line":77,"column":21},"end":{"line":77,"column":34}}},"7":{"name":"(anonymous_9)","decl":{"start":{"line":77,"column":36},"end":{"line":77,"column":37}},"loc":{"start":{"line":77,"column":54},"end":{"line":77,"column":82}}},"8":{"name":"(anonymous_10)","decl":{"start":{"line":78,"column":11},"end":{"line":78,"column":14}},"loc":{"start":{"line":78,"column":17},"end":{"line":78,"column":32}}}},"branchMap":{},"s":{"0":2,"1":2,"2":2,"3":2,"4":2,"5":2,"6":2,"7":2,"8":2,"9":2,"10":2,"11":2,"12":2,"13":2,"14":2,"15":2,"16":2,"17":2,"18":2,"19":2,"20":2,"21":2,"22":0,"23":0,"24":0,"25":2,"26":0,"27":0,"28":0,"29":2,"30":0,"31":0,"32":0,"33":2},"f":{"0":0,"1":0,"2":0,"3":0,"4":0,"5":0,"6":0,"7":0,"8":0},"b":{}}
,"C:\\.Santhosh\\GIT Repo\\ProjectUsingTypeORM\\backend\\src\\modules\\Asset\\entity\\asset.enum.ts": {"path":"C:\\.Santhosh\\GIT Repo\\ProjectUsingTypeORM\\backend\\src\\modules\\Asset\\entity\\asset.enum.ts","statementMap":{"0":{"start":{"line":1,"column":0},"end":{"line":1,"column":48}},"1":{"start":{"line":3,"column":0},"end":{"line":3,"column":null}},"2":{"start":{"line":4,"column":4},"end":{"line":4,"column":null}},"3":{"start":{"line":5,"column":4},"end":{"line":5,"column":null}},"4":{"start":{"line":6,"column":4},"end":{"line":6,"column":null}},"5":{"start":{"line":7,"column":4},"end":{"line":7,"column":null}},"6":{"start":{"line":10,"column":0},"end":{"line":10,"column":null}},"7":{"start":{"line":11,"column":4},"end":{"line":11,"column":null}},"8":{"start":{"line":12,"column":4},"end":{"line":12,"column":null}},"9":{"start":{"line":16,"column":0},"end":{"line":16,"column":null}}},"fnMap":{"0":{"name":"(anonymous_0)","decl":{"start":{"line":3,"column":0},"end":{"line":3,"column":12}},"loc":{"start":{"line":3,"column":26},"end":{"line":8,"column":1}}},"1":{"name":"(anonymous_1)","decl":{"start":{"line":10,"column":0},"end":{"line":10,"column":12}},"loc":{"start":{"line":10,"column":26},"end":{"line":13,"column":1}}}},"branchMap":{"0":{"loc":{"start":{"line":3,"column":12},"end":{"line":3,"column":null}},"type":"binary-expr","locations":[{"start":{"line":3,"column":12},"end":{"line":3,"column":26}},{"start":{"line":3,"column":26},"end":{"line":3,"column":null}}]},"1":{"loc":{"start":{"line":10,"column":12},"end":{"line":10,"column":null}},"type":"binary-expr","locations":[{"start":{"line":10,"column":12},"end":{"line":10,"column":26}},{"start":{"line":10,"column":26},"end":{"line":10,"column":null}}]}},"s":{"0":2,"1":2,"2":2,"3":2,"4":2,"5":2,"6":2,"7":2,"8":2,"9":2},"f":{"0":2,"1":2},"b":{"0":[2,2],"1":[2,2]}}
,"C:\\.Santhosh\\GIT Repo\\ProjectUsingTypeORM\\backend\\src\\modules\\Asset\\entity\\input.ts": {"path":"C:\\.Santhosh\\GIT Repo\\ProjectUsingTypeORM\\backend\\src\\modules\\Asset\\entity\\input.ts","statementMap":{"0":{"start":{"line":1,"column":0},"end":{"line":1,"column":65}},"1":{"start":{"line":2,"column":0},"end":{"line":2,"column":62}},"2":{"start":{"line":3,"column":0},"end":{"line":3,"column":40}},"3":{"start":{"line":6,"column":7},"end":{"line":27,"column":null}},"4":{"start":{"line":6,"column":13},"end":{"line":6,"column":26}},"5":{"start":{"line":8,"column":4},"end":{"line":8,"column":null}},"6":{"start":{"line":11,"column":4},"end":{"line":11,"column":null}},"7":{"start":{"line":14,"column":4},"end":{"line":14,"column":null}},"8":{"start":{"line":17,"column":4},"end":{"line":17,"column":null}},"9":{"start":{"line":20,"column":4},"end":{"line":20,"column":null}},"10":{"start":{"line":23,"column":4},"end":{"line":23,"column":null}},"11":{"start":{"line":22,"column":17},"end":{"line":22,"column":23}},"12":{"start":{"line":26,"column":4},"end":{"line":26,"column":null}},"13":{"start":{"line":25,"column":17},"end":{"line":25,"column":23}},"14":{"start":{"line":6,"column":13},"end":{"line":27,"column":null}},"15":{"start":{"line":32,"column":7},"end":{"line":38,"column":null}},"16":{"start":{"line":32,"column":13},"end":{"line":32,"column":28}},"17":{"start":{"line":34,"column":4},"end":{"line":34,"column":null}},"18":{"start":{"line":33,"column":17},"end":{"line":33,"column":25}},"19":{"start":{"line":37,"column":4},"end":{"line":37,"column":null}},"20":{"start":{"line":36,"column":17},"end":{"line":36,"column":20}},"21":{"start":{"line":32,"column":13},"end":{"line":38,"column":null}}},"fnMap":{"0":{"name":"(anonymous_2)","decl":{"start":{"line":22,"column":11},"end":{"line":22,"column":14}},"loc":{"start":{"line":22,"column":17},"end":{"line":22,"column":23}}},"1":{"name":"(anonymous_3)","decl":{"start":{"line":25,"column":11},"end":{"line":25,"column":14}},"loc":{"start":{"line":25,"column":17},"end":{"line":25,"column":23}}},"2":{"name":"(anonymous_4)","decl":{"start":{"line":33,"column":11},"end":{"line":33,"column":14}},"loc":{"start":{"line":33,"column":17},"end":{"line":33,"column":25}}},"3":{"name":"(anonymous_5)","decl":{"start":{"line":36,"column":11},"end":{"line":36,"column":14}},"loc":{"start":{"line":36,"column":17},"end":{"line":36,"column":20}}}},"branchMap":{},"s":{"0":0,"1":0,"2":0,"3":0,"4":0,"5":0,"6":0,"7":0,"8":0,"9":0,"10":0,"11":0,"12":0,"13":0,"14":0,"15":0,"16":0,"17":0,"18":0,"19":0,"20":0,"21":0},"f":{"0":0,"1":0,"2":0,"3":0},"b":{}}
,"C:\\.Santhosh\\GIT Repo\\ProjectUsingTypeORM\\backend\\src\\modules\\Notification\\notification.resolver.ts": {"path":"C:\\.Santhosh\\GIT Repo\\ProjectUsingTypeORM\\backend\\src\\modules\\Notification\\notification.resolver.ts","statementMap":{"0":{"start":{"line":1,"column":0},"end":{"line":1,"column":67}},"1":{"start":{"line":2,"column":0},"end":{"line":2,"column":61}},"2":{"start":{"line":3,"column":0},"end":{"line":3,"column":61}},"3":{"start":{"line":4,"column":0},"end":{"line":4,"column":56}},"4":{"start":{"line":7,"column":7},"end":{"line":102,"column":null}},"5":{"start":{"line":10,"column":8},"end":{"line":10,"column":29}},"6":{"start":{"line":18,"column":8},"end":{"line":22,"column":9}},"7":{"start":{"line":19,"column":12},"end":{"line":19,"column":86}},"8":{"start":{"line":21,"column":12},"end":{"line":21,"column":43}},"9":{"start":{"line":27,"column":8},"end":{"line":32,"column":9}},"10":{"start":{"line":28,"column":12},"end":{"line":28,"column":71}},"11":{"start":{"line":31,"column":12},"end":{"line":31,"column":43}},"12":{"start":{"line":37,"column":8},"end":{"line":41,"column":9}},"13":{"start":{"line":38,"column":12},"end":{"line":38,"column":77}},"14":{"start":{"line":40,"column":12},"end":{"line":40,"column":43}},"15":{"start":{"line":50,"column":8},"end":{"line":55,"column":9}},"16":{"start":{"line":51,"column":12},"end":{"line":51,"column":93}},"17":{"start":{"line":54,"column":12},"end":{"line":54,"column":43}},"18":{"start":{"line":66,"column":8},"end":{"line":71,"column":9}},"19":{"start":{"line":67,"column":12},"end":{"line":67,"column":118}},"20":{"start":{"line":70,"column":12},"end":{"line":70,"column":43}},"21":{"start":{"line":79,"column":8},"end":{"line":84,"column":9}},"22":{"start":{"line":80,"column":12},"end":{"line":80,"column":78}},"23":{"start":{"line":83,"column":12},"end":{"line":83,"column":43}},"24":{"start":{"line":95,"column":8},"end":{"line":100,"column":9}},"25":{"start":{"line":96,"column":12},"end":{"line":96,"column":118}},"26":{"start":{"line":99,"column":12},"end":{"line":99,"column":72}},"27":{"start":{"line":7,"column":13},"end":{"line":7,"column":33}},"28":{"start":{"line":13,"column":10},"end":{"line":23,"column":null}},"29":{"start":{"line":12,"column":17},"end":{"line":12,"column":39}},"30":{"start":{"line":14,"column":27},"end":{"line":14,"column":30}},"31":{"start":{"line":15,"column":28},"end":{"line":15,"column":31}},"32":{"start":{"line":16,"column":29},"end":{"line":16,"column":35}},"33":{"start":{"line":26,"column":10},"end":{"line":33,"column":null}},"34":{"start":{"line":25,"column":17},"end":{"line":25,"column":32}},"35":{"start":{"line":36,"column":10},"end":{"line":42,"column":null}},"36":{"start":{"line":35,"column":17},"end":{"line":35,"column":32}},"37":{"start":{"line":45,"column":10},"end":{"line":56,"column":null}},"38":{"start":{"line":44,"column":20},"end":{"line":44,"column":33}},"39":{"start":{"line":60,"column":10},"end":{"line":72,"column":null}},"40":{"start":{"line":59,"column":20},"end":{"line":59,"column":33}},"41":{"start":{"line":75,"column":10},"end":{"line":85,"column":null}},"42":{"start":{"line":74,"column":20},"end":{"line":74,"column":26}},"43":{"start":{"line":88,"column":17},"end":{"line":101,"column":null}},"44":{"start":{"line":87,"column":20},"end":{"line":87,"column":26}},"45":{"start":{"line":7,"column":13},"end":{"line":102,"column":null}}},"fnMap":{"0":{"name":"(anonymous_4)","decl":{"start":{"line":9,"column":4},"end":{"line":9,"column":null}},"loc":{"start":{"line":9,"column":4},"end":{"line":11,"column":5}}},"1":{"name":"(anonymous_5)","decl":{"start":{"line":13,"column":4},"end":{"line":13,"column":9}},"loc":{"start":{"line":16,"column":72},"end":{"line":23,"column":5}}},"2":{"name":"(anonymous_6)","decl":{"start":{"line":26,"column":4},"end":{"line":26,"column":9}},"loc":{"start":{"line":26,"column":33},"end":{"line":33,"column":5}}},"3":{"name":"(anonymous_7)","decl":{"start":{"line":36,"column":4},"end":{"line":36,"column":9}},"loc":{"start":{"line":36,"column":61},"end":{"line":42,"column":5}}},"4":{"name":"(anonymous_8)","decl":{"start":{"line":45,"column":4},"end":{"line":45,"column":9}},"loc":{"start":{"line":48,"column":39},"end":{"line":56,"column":5}}},"5":{"name":"(anonymous_9)","decl":{"start":{"line":60,"column":4},"end":{"line":60,"column":9}},"loc":{"start":{"line":64,"column":39},"end":{"line":72,"column":5}}},"6":{"name":"(anonymous_10)","decl":{"start":{"line":75,"column":4},"end":{"line":75,"column":9}},"loc":{"start":{"line":77,"column":38},"end":{"line":85,"column":5}}},"7":{"name":"(anonymous_11)","decl":{"start":{"line":88,"column":4},"end":{"line":88,"column":10}},"loc":{"start":{"line":93,"column":38},"end":{"line":101,"column":5}}},"8":{"name":"(anonymous_12)","decl":{"start":{"line":12,"column":11},"end":{"line":12,"column":14}},"loc":{"start":{"line":12,"column":17},"end":{"line":12,"column":39}}},"9":{"name":"(anonymous_13)","decl":{"start":{"line":14,"column":21},"end":{"line":14,"column":24}},"loc":{"start":{"line":14,"column":27},"end":{"line":14,"column":30}}},"10":{"name":"(anonymous_14)","decl":{"start":{"line":15,"column":22},"end":{"line":15,"column":25}},"loc":{"start":{"line":15,"column":28},"end":{"line":15,"column":31}}},"11":{"name":"(anonymous_15)","decl":{"start":{"line":16,"column":23},"end":{"line":16,"column":26}},"loc":{"start":{"line":16,"column":29},"end":{"line":16,"column":35}}},"12":{"name":"(anonymous_16)","decl":{"start":{"line":25,"column":11},"end":{"line":25,"column":14}},"loc":{"start":{"line":25,"column":17},"end":{"line":25,"column":32}}},"13":{"name":"(anonymous_17)","decl":{"start":{"line":35,"column":11},"end":{"line":35,"column":14}},"loc":{"start":{"line":35,"column":17},"end":{"line":35,"column":32}}},"14":{"name":"(anonymous_18)","decl":{"start":{"line":44,"column":14},"end":{"line":44,"column":17}},"loc":{"start":{"line":44,"column":20},"end":{"line":44,"column":33}}},"15":{"name":"(anonymous_19)","decl":{"start":{"line":59,"column":14},"end":{"line":59,"column":17}},"loc":{"start":{"line":59,"column":20},"end":{"line":59,"column":33}}},"16":{"name":"(anonymous_20)","decl":{"start":{"line":74,"column":14},"end":{"line":74,"column":17}},"loc":{"start":{"line":74,"column":20},"end":{"line":74,"column":26}}},"17":{"name":"(anonymous_21)","decl":{"start":{"line":87,"column":14},"end":{"line":87,"column":17}},"loc":{"start":{"line":87,"column":20},"end":{"line":87,"column":26}}}},"branchMap":{},"s":{"0":0,"1":0,"2":0,"3":0,"4":0,"5":0,"6":0,"7":0,"8":0,"9":0,"10":0,"11":0,"12":0,"13":0,"14":0,"15":0,"16":0,"17":0,"18":0,"19":0,"20":0,"21":0,"22":0,"23":0,"24":0,"25":0,"26":0,"27":0,"28":0,"29":0,"30":0,"31":0,"32":0,"33":0,"34":0,"35":0,"36":0,"37":0,"38":0,"39":0,"40":0,"41":0,"42":0,"43":0,"44":0,"45":0},"f":{"0":0,"1":0,"2":0,"3":0,"4":0,"5":0,"6":0,"7":0,"8":0,"9":0,"10":0,"11":0,"12":0,"13":0,"14":0,"15":0,"16":0,"17":0},"b":{}}
,"C:\\.Santhosh\\GIT Repo\\ProjectUsingTypeORM\\backend\\src\\modules\\Notification\\notification.service.ts": {"path":"C:\\.Santhosh\\GIT Repo\\ProjectUsingTypeORM\\backend\\src\\modules\\Notification\\notification.service.ts","statementMap":{"0":{"start":{"line":2,"column":0},"end":{"line":2,"column":61}},"1":{"start":{"line":3,"column":0},"end":{"line":3,"column":51}},"2":{"start":{"line":4,"column":0},"end":{"line":4,"column":54}},"3":{"start":{"line":5,"column":0},"end":{"line":5,"column":52}},"4":{"start":{"line":6,"column":0},"end":{"line":6,"column":54}},"5":{"start":{"line":7,"column":0},"end":{"line":7,"column":60}},"6":{"start":{"line":8,"column":0},"end":{"line":8,"column":63}},"7":{"start":{"line":17,"column":8},"end":{"line":17,"column":78}},"8":{"start":{"line":18,"column":8},"end":{"line":18,"column":62}},"9":{"start":{"line":19,"column":8},"end":{"line":19,"column":64}},"10":{"start":{"line":23,"column":27},"end":{"line":23,"column":29}},"11":{"start":{"line":24,"column":8},"end":{"line":26,"column":9}},"12":{"start":{"line":25,"column":10},"end":{"line":25,"column":31}},"13":{"start":{"line":27,"column":44},"end":{"line":28,"column":105}},"14":{"start":{"line":29,"column":8},"end":{"line":29,"column":45}},"15":{"start":{"line":33,"column":8},"end":{"line":38,"column":11}},"16":{"start":{"line":42,"column":8},"end":{"line":46,"column":11}},"17":{"start":{"line":50,"column":21},"end":{"line":50,"column":82}},"18":{"start":{"line":51,"column":22},"end":{"line":51,"column":85}},"19":{"start":{"line":53,"column":8},"end":{"line":55,"column":9}},"20":{"start":{"line":54,"column":12},"end":{"line":54,"column":55}},"21":{"start":{"line":56,"column":29},"end":{"line":56,"column":106}},"22":{"start":{"line":57,"column":8},"end":{"line":57,"column":62}},"23":{"start":{"line":61,"column":21},"end":{"line":61,"column":80}},"24":{"start":{"line":62,"column":22},"end":{"line":62,"column":85}},"25":{"start":{"line":63,"column":30},"end":{"line":63,"column":102}},"26":{"start":{"line":64,"column":8},"end":{"line":66,"column":9}},"27":{"start":{"line":65,"column":12},"end":{"line":65,"column":55}},"28":{"start":{"line":67,"column":29},"end":{"line":67,"column":138}},"29":{"start":{"line":68,"column":8},"end":{"line":68,"column":62}},"30":{"start":{"line":72,"column":29},"end":{"line":75,"column":10}},"31":{"start":{"line":76,"column":8},"end":{"line":78,"column":9}},"32":{"start":{"line":77,"column":12},"end":{"line":77,"column":54}},"33":{"start":{"line":79,"column":8},"end":{"line":133,"column":9}},"34":{"start":{"line":80,"column":11},"end":{"line":80,"column":167}},"35":{"start":{"line":82,"column":13},"end":{"line":133,"column":9}},"36":{"start":{"line":83,"column":26},"end":{"line":83,"column":105}},"37":{"start":{"line":84,"column":12},"end":{"line":84,"column":59}},"38":{"start":{"line":84,"column":24},"end":{"line":84,"column":59}},"39":{"start":{"line":85,"column":12},"end":{"line":85,"column":51}},"40":{"start":{"line":86,"column":12},"end":{"line":86,"column":60}},"41":{"start":{"line":87,"column":12},"end":{"line":87,"column":45}},"42":{"start":{"line":88,"column":12},"end":{"line":88,"column":51}},"43":{"start":{"line":89,"column":12},"end":{"line":89,"column":40}},"44":{"start":{"line":90,"column":12},"end":{"line":90,"column":41}},"45":{"start":{"line":91,"column":12},"end":{"line":91,"column":65}},"46":{"start":{"line":92,"column":25},"end":{"line":92,"column":102}},"47":{"start":{"line":93,"column":12},"end":{"line":111,"column":13}},"48":{"start":{"line":94,"column":16},"end":{"line":110,"column":19}},"49":{"start":{"line":112,"column":12},"end":{"line":112,"column":44}},"50":{"start":{"line":114,"column":12},"end":{"line":114,"column":40}},"51":{"start":{"line":115,"column":12},"end":{"line":115,"column":41}},"52":{"start":{"line":116,"column":12},"end":{"line":116,"column":65}},"53":{"start":{"line":117,"column":25},"end":{"line":117,"column":102}},"54":{"start":{"line":118,"column":12},"end":{"line":131,"column":13}},"55":{"start":{"line":119,"column":16},"end":{"line":130,"column":19}},"56":{"start":{"line":132,"column":12},"end":{"line":132,"column":44}},"57":{"start":{"line":139,"column":8},"end":{"line":214,"column":9}},"58":{"start":{"line":140,"column":33},"end":{"line":143,"column":14}},"59":{"start":{"line":144,"column":12},"end":{"line":146,"column":13}},"60":{"start":{"line":145,"column":16},"end":{"line":145,"column":58}},"61":{"start":{"line":147,"column":12},"end":{"line":210,"column":13}},"62":{"start":{"line":148,"column":16},"end":{"line":149,"column":75}},"63":{"start":{"line":150,"column":30},"end":{"line":150,"column":95}},"64":{"start":{"line":151,"column":16},"end":{"line":151,"column":78}},"65":{"start":{"line":151,"column":28},"end":{"line":151,"column":78}},"66":{"start":{"line":152,"column":29},"end":{"line":152,"column":94}},"67":{"start":{"line":153,"column":16},"end":{"line":153,"column":76}},"68":{"start":{"line":153,"column":27},"end":{"line":153,"column":76}},"69":{"start":{"line":154,"column":16},"end":{"line":154,"column":40}},"70":{"start":{"line":155,"column":16},"end":{"line":155,"column":64}},"71":{"start":{"line":156,"column":16},"end":{"line":156,"column":49}},"72":{"start":{"line":157,"column":16},"end":{"line":157,"column":44}},"73":{"start":{"line":158,"column":16},"end":{"line":158,"column":45}},"74":{"start":{"line":159,"column":16},"end":{"line":159,"column":59}},"75":{"start":{"line":160,"column":16},"end":{"line":160,"column":113}},"76":{"start":{"line":161,"column":16},"end":{"line":161,"column":69}},"77":{"start":{"line":162,"column":16},"end":{"line":162,"column":113}},"78":{"start":{"line":163,"column":16},"end":{"line":163,"column":55}},"79":{"start":{"line":164,"column":16},"end":{"line":184,"column":17}},"80":{"start":{"line":165,"column":20},"end":{"line":183,"column":23}},"81":{"start":{"line":185,"column":16},"end":{"line":185,"column":43}},"82":{"start":{"line":188,"column":16},"end":{"line":188,"column":44}},"83":{"start":{"line":189,"column":16},"end":{"line":189,"column":45}},"84":{"start":{"line":190,"column":16},"end":{"line":190,"column":69}},"85":{"start":{"line":191,"column":29},"end":{"line":191,"column":94}},"86":{"start":{"line":192,"column":16},"end":{"line":208,"column":17}},"87":{"start":{"line":193,"column":20},"end":{"line":207,"column":23}},"88":{"start":{"line":209,"column":16},"end":{"line":209,"column":43}},"89":{"start":{"line":213,"column":12},"end":{"line":213,"column":70}},"90":{"start":{"line":10,"column":0},"end":{"line":10,"column":13}},"91":{"start":{"line":218,"column":13},"end":{"line":218,"column":61}}},"fnMap":{"0":{"name":"(anonymous_1)","decl":{"start":{"line":16,"column":4},"end":{"line":16,"column":null}},"loc":{"start":{"line":16,"column":4},"end":{"line":20,"column":5}}},"1":{"name":"(anonymous_2)","decl":{"start":{"line":22,"column":4},"end":{"line":22,"column":9}},"loc":{"start":{"line":22,"column":74},"end":{"line":30,"column":5}}},"2":{"name":"(anonymous_3)","decl":{"start":{"line":32,"column":4},"end":{"line":32,"column":9}},"loc":{"start":{"line":32,"column":33},"end":{"line":39,"column":5}}},"3":{"name":"(anonymous_4)","decl":{"start":{"line":41,"column":4},"end":{"line":41,"column":9}},"loc":{"start":{"line":41,"column":49},"end":{"line":47,"column":5}}},"4":{"name":"(anonymous_5)","decl":{"start":{"line":49,"column":4},"end":{"line":49,"column":9}},"loc":{"start":{"line":49,"column":82},"end":{"line":58,"column":5}}},"5":{"name":"(anonymous_6)","decl":{"start":{"line":60,"column":4},"end":{"line":60,"column":9}},"loc":{"start":{"line":60,"column":117},"end":{"line":69,"column":5}}},"6":{"name":"(anonymous_7)","decl":{"start":{"line":71,"column":4},"end":{"line":71,"column":9}},"loc":{"start":{"line":71,"column":58},"end":{"line":134,"column":5}}},"7":{"name":"(anonymous_8)","decl":{"start":{"line":138,"column":4},"end":{"line":138,"column":9}},"loc":{"start":{"line":138,"column":124},"end":{"line":215,"column":5}}}},"branchMap":{"0":{"loc":{"start":{"line":24,"column":8},"end":{"line":26,"column":9}},"type":"if","locations":[{"start":{"line":24,"column":8},"end":{"line":26,"column":9}}]},"1":{"loc":{"start":{"line":53,"column":8},"end":{"line":55,"column":9}},"type":"if","locations":[{"start":{"line":53,"column":8},"end":{"line":55,"column":9}}]},"2":{"loc":{"start":{"line":53,"column":12},"end":{"line":53,"column":27}},"type":"binary-expr","locations":[{"start":{"line":53,"column":12},"end":{"line":53,"column":17}},{"start":{"line":53,"column":21},"end":{"line":53,"column":27}}]},"3":{"loc":{"start":{"line":64,"column":8},"end":{"line":66,"column":9}},"type":"if","locations":[{"start":{"line":64,"column":8},"end":{"line":66,"column":9}}]},"4":{"loc":{"start":{"line":64,"column":11},"end":{"line":64,"column":44}},"type":"binary-expr","locations":[{"start":{"line":64,"column":11},"end":{"line":64,"column":16}},{"start":{"line":64,"column":20},"end":{"line":64,"column":26}},{"start":{"line":64,"column":30},"end":{"line":64,"column":44}}]},"5":{"loc":{"start":{"line":76,"column":8},"end":{"line":78,"column":9}},"type":"if","locations":[{"start":{"line":76,"column":8},"end":{"line":78,"column":9}}]},"6":{"loc":{"start":{"line":79,"column":8},"end":{"line":133,"column":9}},"type":"if","locations":[{"start":{"line":79,"column":8},"end":{"line":133,"column":9}},{"start":{"line":82,"column":13},"end":{"line":133,"column":9}}]},"7":{"loc":{"start":{"line":79,"column":12},"end":{"line":79,"column":101}},"type":"binary-expr","locations":[{"start":{"line":79,"column":12},"end":{"line":79,"column":36}},{"start":{"line":79,"column":40},"end":{"line":79,"column":72}},{"start":{"line":79,"column":76},"end":{"line":79,"column":99}}]},"8":{"loc":{"start":{"line":79,"column":12},"end":{"line":79,"column":36}},"type":"cond-expr","locations":[{"start":{"line":79,"column":32},"end":{"line":79,"column":34}},{"start":{"line":79,"column":32},"end":{"line":79,"column":36}}]},"9":{"loc":{"start":{"line":79,"column":12},"end":{"line":79,"column":34}},"type":"binary-expr","locations":[{"start":{"line":79,"column":12},"end":{"line":79,"column":34}},{"start":{"line":79,"column":32},"end":{"line":79,"column":34}}]},"10":{"loc":{"start":{"line":79,"column":40},"end":{"line":79,"column":72}},"type":"cond-expr","locations":[{"start":{"line":79,"column":68},"end":{"line":79,"column":70}},{"start":{"line":79,"column":68},"end":{"line":79,"column":72}}]},"11":{"loc":{"start":{"line":79,"column":40},"end":{"line":79,"column":70}},"type":"binary-expr","locations":[{"start":{"line":79,"column":40},"end":{"line":79,"column":70}},{"start":{"line":79,"column":68},"end":{"line":79,"column":70}}]},"12":{"loc":{"start":{"line":79,"column":76},"end":{"line":79,"column":99}},"type":"cond-expr","locations":[{"start":{"line":79,"column":95},"end":{"line":79,"column":97}},{"start":{"line":79,"column":95},"end":{"line":79,"column":99}}]},"13":{"loc":{"start":{"line":79,"column":76},"end":{"line":79,"column":97}},"type":"binary-expr","locations":[{"start":{"line":79,"column":76},"end":{"line":79,"column":97}},{"start":{"line":79,"column":95},"end":{"line":79,"column":97}}]},"14":{"loc":{"start":{"line":82,"column":13},"end":{"line":133,"column":9}},"type":"if","locations":[{"start":{"line":82,"column":13},"end":{"line":133,"column":9}},{"start":{"line":113,"column":15},"end":{"line":133,"column":9}}]},"15":{"loc":{"start":{"line":83,"column":76},"end":{"line":83,"column":100}},"type":"cond-expr","locations":[{"start":{"line":83,"column":96},"end":{"line":83,"column":98}},{"start":{"line":83,"column":96},"end":{"line":83,"column":100}}]},"16":{"loc":{"start":{"line":83,"column":76},"end":{"line":83,"column":98}},"type":"binary-expr","locations":[{"start":{"line":83,"column":76},"end":{"line":83,"column":98}},{"start":{"line":83,"column":96},"end":{"line":83,"column":98}}]},"17":{"loc":{"start":{"line":84,"column":12},"end":{"line":84,"column":59}},"type":"if","locations":[{"start":{"line":84,"column":12},"end":{"line":84,"column":59}}]},"18":{"loc":{"start":{"line":92,"column":74},"end":{"line":92,"column":97}},"type":"cond-expr","locations":[{"start":{"line":92,"column":93},"end":{"line":92,"column":95}},{"start":{"line":92,"column":93},"end":{"line":92,"column":97}}]},"19":{"loc":{"start":{"line":92,"column":74},"end":{"line":92,"column":95}},"type":"binary-expr","locations":[{"start":{"line":92,"column":74},"end":{"line":92,"column":95}},{"start":{"line":92,"column":93},"end":{"line":92,"column":95}}]},"20":{"loc":{"start":{"line":93,"column":12},"end":{"line":111,"column":13}},"type":"if","locations":[{"start":{"line":93,"column":12},"end":{"line":111,"column":13}}]},"21":{"loc":{"start":{"line":117,"column":74},"end":{"line":117,"column":97}},"type":"cond-expr","locations":[{"start":{"line":117,"column":93},"end":{"line":117,"column":95}},{"start":{"line":117,"column":93},"end":{"line":117,"column":97}}]},"22":{"loc":{"start":{"line":117,"column":74},"end":{"line":117,"column":95}},"type":"binary-expr","locations":[{"start":{"line":117,"column":74},"end":{"line":117,"column":95}},{"start":{"line":117,"column":93},"end":{"line":117,"column":95}}]},"23":{"loc":{"start":{"line":118,"column":12},"end":{"line":131,"column":13}},"type":"if","locations":[{"start":{"line":118,"column":12},"end":{"line":131,"column":13}}]},"24":{"loc":{"start":{"line":144,"column":12},"end":{"line":146,"column":13}},"type":"if","locations":[{"start":{"line":144,"column":12},"end":{"line":146,"column":13}}]},"25":{"loc":{"start":{"line":147,"column":12},"end":{"line":210,"column":13}},"type":"if","locations":[{"start":{"line":147,"column":12},"end":{"line":210,"column":13}},{"start":{"line":187,"column":16},"end":{"line":210,"column":13}}]},"26":{"loc":{"start":{"line":151,"column":16},"end":{"line":151,"column":78}},"type":"if","locations":[{"start":{"line":151,"column":16},"end":{"line":151,"column":78}}]},"27":{"loc":{"start":{"line":153,"column":16},"end":{"line":153,"column":76}},"type":"if","locations":[{"start":{"line":153,"column":16},"end":{"line":153,"column":76}}]},"28":{"loc":{"start":{"line":164,"column":16},"end":{"line":184,"column":17}},"type":"if","locations":[{"start":{"line":164,"column":16},"end":{"line":184,"column":17}}]},"29":{"loc":{"start":{"line":192,"column":16},"end":{"line":208,"column":17}},"type":"if","locations":[{"start":{"line":192,"column":16},"end":{"line":208,"column":17}}]}},"s":{"0":0,"1":0,"2":0,"3":0,"4":0,"5":0,"6":0,"7":0,"8":0,"9":0,"10":0,"11":0,"12":0,"13":0,"14":0,"15":0,"16":0,"17":0,"18":0,"19":0,"20":0,"21":0,"22":0,"23":0,"24":0,"25":0,"26":0,"27":0,"28":0,"29":0,"30":0,"31":0,"32":0,"33":0,"34":0,"35":0,"36":0,"37":0,"38":0,"39":0,"40":0,"41":0,"42":0,"43":0,"44":0,"45":0,"46":0,"47":0,"48":0,"49":0,"50":0,"51":0,"52":0,"53":0,"54":0,"55":0,"56":0,"57":0,"58":0,"59":0,"60":0,"61":0,"62":0,"63":0,"64":0,"65":0,"66":0,"67":0,"68":0,"69":0,"70":0,"71":0,"72":0,"73":0,"74":0,"75":0,"76":0,"77":0,"78":0,"79":0,"80":0,"81":0,"82":0,"83":0,"84":0,"85":0,"86":0,"87":0,"88":0,"89":0,"90":0,"91":0},"f":{"0":0,"1":0,"2":0,"3":0,"4":0,"5":0,"6":0,"7":0},"b":{"0":[0],"1":[0],"2":[0,0],"3":[0],"4":[0,0,0],"5":[0],"6":[0,0],"7":[0,0,0],"8":[0,0],"9":[0,0],"10":[0,0],"11":[0,0],"12":[0,0],"13":[0,0],"14":[0,0],"15":[0,0],"16":[0,0],"17":[0],"18":[0,0],"19":[0,0],"20":[0],"21":[0,0],"22":[0,0],"23":[0],"24":[0],"25":[0,0],"26":[0],"27":[0],"28":[0],"29":[0]}}
,"C:\\.Santhosh\\GIT Repo\\ProjectUsingTypeORM\\backend\\src\\modules\\Notification\\entity\\input.ts": {"path":"C:\\.Santhosh\\GIT Repo\\ProjectUsingTypeORM\\backend\\src\\modules\\Notification\\entity\\input.ts","statementMap":{"0":{"start":{"line":1,"column":0},"end":{"line":1,"column":54}},"1":{"start":{"line":2,"column":0},"end":{"line":2,"column":54}},"2":{"start":{"line":5,"column":7},"end":{"line":11,"column":null}},"3":{"start":{"line":5,"column":13},"end":{"line":5,"column":35}},"4":{"start":{"line":7,"column":4},"end":{"line":7,"column":null}},"5":{"start":{"line":6,"column":17},"end":{"line":6,"column":32}},"6":{"start":{"line":10,"column":4},"end":{"line":10,"column":null}},"7":{"start":{"line":9,"column":17},"end":{"line":9,"column":20}},"8":{"start":{"line":5,"column":13},"end":{"line":11,"column":null}}},"fnMap":{"0":{"name":"(anonymous_2)","decl":{"start":{"line":6,"column":11},"end":{"line":6,"column":14}},"loc":{"start":{"line":6,"column":17},"end":{"line":6,"column":32}}},"1":{"name":"(anonymous_3)","decl":{"start":{"line":9,"column":11},"end":{"line":9,"column":14}},"loc":{"start":{"line":9,"column":17},"end":{"line":9,"column":20}}}},"branchMap":{},"s":{"0":0,"1":0,"2":0,"3":0,"4":0,"5":0,"6":0,"7":0,"8":0},"f":{"0":0,"1":0},"b":{}}
,"C:\\.Santhosh\\GIT Repo\\ProjectUsingTypeORM\\backend\\src\\modules\\Notification\\entity\\notification.entity.ts": {"path":"C:\\.Santhosh\\GIT Repo\\ProjectUsingTypeORM\\backend\\src\\modules\\Notification\\entity\\notification.entity.ts","statementMap":{"0":{"start":{"line":1,"column":0},"end":{"line":1,"column":57}},"1":{"start":{"line":2,"column":0},"end":{"line":2,"column":54}},"2":{"start":{"line":3,"column":0},"end":{"line":3,"column":49}},"3":{"start":{"line":4,"column":0},"end":{"line":4,"column":106}},"4":{"start":{"line":8,"column":7},"end":{"line":48,"column":null}},"5":{"start":{"line":8,"column":13},"end":{"line":8,"column":26}},"6":{"start":{"line":11,"column":4},"end":{"line":11,"column":null}},"7":{"start":{"line":15,"column":4},"end":{"line":15,"column":null}},"8":{"start":{"line":19,"column":4},"end":{"line":19,"column":null}},"9":{"start":{"line":23,"column":4},"end":{"line":23,"column":null}},"10":{"start":{"line":27,"column":4},"end":{"line":27,"column":null}},"11":{"start":{"line":31,"column":4},"end":{"line":31,"column":null}},"12":{"start":{"line":36,"column":4},"end":{"line":36,"column":null}},"13":{"start":{"line":33,"column":21},"end":{"line":33,"column":26}},"14":{"start":{"line":33,"column":38},"end":{"line":33,"column":56}},"15":{"start":{"line":35,"column":17},"end":{"line":35,"column":22}},"16":{"start":{"line":41,"column":4},"end":{"line":41,"column":null}},"17":{"start":{"line":38,"column":21},"end":{"line":38,"column":27}},"18":{"start":{"line":38,"column":40},"end":{"line":38,"column":59}},"19":{"start":{"line":40,"column":17},"end":{"line":40,"column":23}},"20":{"start":{"line":46,"column":4},"end":{"line":46,"column":null}},"21":{"start":{"line":43,"column":21},"end":{"line":43,"column":27}},"22":{"start":{"line":43,"column":39},"end":{"line":43,"column":66}},"23":{"start":{"line":45,"column":17},"end":{"line":45,"column":23}},"24":{"start":{"line":8,"column":13},"end":{"line":48,"column":null}}},"fnMap":{"0":{"name":"(anonymous_2)","decl":{"start":{"line":33,"column":15},"end":{"line":33,"column":18}},"loc":{"start":{"line":33,"column":21},"end":{"line":33,"column":26}}},"1":{"name":"(anonymous_3)","decl":{"start":{"line":33,"column":28},"end":{"line":33,"column":29}},"loc":{"start":{"line":33,"column":38},"end":{"line":33,"column":56}}},"2":{"name":"(anonymous_4)","decl":{"start":{"line":35,"column":11},"end":{"line":35,"column":14}},"loc":{"start":{"line":35,"column":17},"end":{"line":35,"column":22}}},"3":{"name":"(anonymous_5)","decl":{"start":{"line":38,"column":15},"end":{"line":38,"column":18}},"loc":{"start":{"line":38,"column":21},"end":{"line":38,"column":27}}},"4":{"name":"(anonymous_6)","decl":{"start":{"line":38,"column":29},"end":{"line":38,"column":30}},"loc":{"start":{"line":38,"column":40},"end":{"line":38,"column":59}}},"5":{"name":"(anonymous_7)","decl":{"start":{"line":40,"column":11},"end":{"line":40,"column":14}},"loc":{"start":{"line":40,"column":17},"end":{"line":40,"column":23}}},"6":{"name":"(anonymous_8)","decl":{"start":{"line":43,"column":15},"end":{"line":43,"column":18}},"loc":{"start":{"line":43,"column":21},"end":{"line":43,"column":27}}},"7":{"name":"(anonymous_9)","decl":{"start":{"line":43,"column":28},"end":{"line":43,"column":29}},"loc":{"start":{"line":43,"column":39},"end":{"line":43,"column":66}}},"8":{"name":"(anonymous_10)","decl":{"start":{"line":45,"column":11},"end":{"line":45,"column":14}},"loc":{"start":{"line":45,"column":17},"end":{"line":45,"column":23}}}},"branchMap":{},"s":{"0":2,"1":2,"2":2,"3":2,"4":2,"5":2,"6":2,"7":2,"8":2,"9":2,"10":2,"11":2,"12":2,"13":0,"14":0,"15":0,"16":2,"17":0,"18":0,"19":0,"20":2,"21":0,"22":0,"23":0,"24":2},"f":{"0":0,"1":0,"2":0,"3":0,"4":0,"5":0,"6":0,"7":0,"8":0},"b":{}}
,"C:\\.Santhosh\\GIT Repo\\ProjectUsingTypeORM\\backend\\src\\modules\\user\\user.resolver.ts": {"path":"C:\\.Santhosh\\GIT Repo\\ProjectUsingTypeORM\\backend\\src\\modules\\user\\user.resolver.ts","statementMap":{"0":{"start":{"line":1,"column":0},"end":{"line":1,"column":67}},"1":{"start":{"line":2,"column":0},"end":{"line":2,"column":45}},"2":{"start":{"line":3,"column":0},"end":{"line":3,"column":46}},"3":{"start":{"line":4,"column":0},"end":{"line":4,"column":45}},"4":{"start":{"line":5,"column":0},"end":{"line":5,"column":79}},"5":{"start":{"line":8,"column":7},"end":{"line":113,"column":null}},"6":{"start":{"line":9,"column":12},"end":{"line":9,"column":44}},"7":{"start":{"line":12,"column":8},"end":{"line":12,"column":45}},"8":{"start":{"line":17,"column":8},"end":{"line":21,"column":9}},"9":{"start":{"line":18,"column":12},"end":{"line":18,"column":56}},"10":{"start":{"line":20,"column":12},"end":{"line":20,"column":43}},"11":{"start":{"line":30,"column":8},"end":{"line":34,"column":9}},"12":{"start":{"line":31,"column":12},"end":{"line":31,"column":83}},"13":{"start":{"line":33,"column":12},"end":{"line":33,"column":64}},"14":{"start":{"line":39,"column":8},"end":{"line":43,"column":9}},"15":{"start":{"line":40,"column":12},"end":{"line":40,"column":58}},"16":{"start":{"line":42,"column":12},"end":{"line":42,"column":43}},"17":{"start":{"line":48,"column":8},"end":{"line":53,"column":9}},"18":{"start":{"line":49,"column":12},"end":{"line":49,"column":65}},"19":{"start":{"line":52,"column":12},"end":{"line":52,"column":35}},"20":{"start":{"line":63,"column":8},"end":{"line":67,"column":9}},"21":{"start":{"line":64,"column":12},"end":{"line":64,"column":84}},"22":{"start":{"line":66,"column":12},"end":{"line":66,"column":43}},"23":{"start":{"line":75,"column":8},"end":{"line":79,"column":9}},"24":{"start":{"line":76,"column":12},"end":{"line":76,"column":69}},"25":{"start":{"line":78,"column":12},"end":{"line":78,"column":43}},"26":{"start":{"line":84,"column":8},"end":{"line":88,"column":9}},"27":{"start":{"line":85,"column":12},"end":{"line":85,"column":71}},"28":{"start":{"line":87,"column":12},"end":{"line":87,"column":43}},"29":{"start":{"line":93,"column":8},"end":{"line":93,"column":59}},"30":{"start":{"line":98,"column":8},"end":{"line":102,"column":9}},"31":{"start":{"line":99,"column":12},"end":{"line":99,"column":60}},"32":{"start":{"line":101,"column":12},"end":{"line":101,"column":43}},"33":{"start":{"line":107,"column":8},"end":{"line":111,"column":9}},"34":{"start":{"line":108,"column":12},"end":{"line":108,"column":57}},"35":{"start":{"line":110,"column":12},"end":{"line":110,"column":43}},"36":{"start":{"line":8,"column":13},"end":{"line":8,"column":25}},"37":{"start":{"line":16,"column":10},"end":{"line":22,"column":null}},"38":{"start":{"line":15,"column":17},"end":{"line":15,"column":24}},"39":{"start":{"line":25,"column":10},"end":{"line":35,"column":null}},"40":{"start":{"line":24,"column":17},"end":{"line":24,"column":31}},"41":{"start":{"line":26,"column":27},"end":{"line":26,"column":30}},"42":{"start":{"line":27,"column":28},"end":{"line":27,"column":31}},"43":{"start":{"line":28,"column":27},"end":{"line":28,"column":35}},"44":{"start":{"line":38,"column":10},"end":{"line":44,"column":null}},"45":{"start":{"line":37,"column":17},"end":{"line":37,"column":22}},"46":{"start":{"line":47,"column":10},"end":{"line":54,"column":null}},"47":{"start":{"line":46,"column":17},"end":{"line":46,"column":29}},"48":{"start":{"line":57,"column":10},"end":{"line":68,"column":null}},"49":{"start":{"line":56,"column":20},"end":{"line":56,"column":25}},"50":{"start":{"line":71,"column":10},"end":{"line":80,"column":null}},"51":{"start":{"line":70,"column":20},"end":{"line":70,"column":26}},"52":{"start":{"line":83,"column":10},"end":{"line":89,"column":null}},"53":{"start":{"line":82,"column":20},"end":{"line":82,"column":26}},"54":{"start":{"line":92,"column":10},"end":{"line":94,"column":null}},"55":{"start":{"line":91,"column":20},"end":{"line":91,"column":26}},"56":{"start":{"line":97,"column":10},"end":{"line":103,"column":null}},"57":{"start":{"line":96,"column":20},"end":{"line":96,"column":25}},"58":{"start":{"line":97,"column":41},"end":{"line":97,"column":56}},"59":{"start":{"line":106,"column":10},"end":{"line":112,"column":null}},"60":{"start":{"line":105,"column":20},"end":{"line":105,"column":26}},"61":{"start":{"line":8,"column":13},"end":{"line":113,"column":null}}},"fnMap":{"0":{"name":"(anonymous_4)","decl":{"start":{"line":11,"column":4},"end":{"line":11,"column":null}},"loc":{"start":{"line":11,"column":4},"end":{"line":13,"column":5}}},"1":{"name":"(anonymous_5)","decl":{"start":{"line":16,"column":4},"end":{"line":16,"column":9}},"loc":{"start":{"line":16,"column":15},"end":{"line":22,"column":5}}},"2":{"name":"(anonymous_6)","decl":{"start":{"line":25,"column":4},"end":{"line":25,"column":9}},"loc":{"start":{"line":28,"column":70},"end":{"line":35,"column":5}}},"3":{"name":"(anonymous_7)","decl":{"start":{"line":38,"column":4},"end":{"line":38,"column":9}},"loc":{"start":{"line":38,"column":36},"end":{"line":44,"column":5}}},"4":{"name":"(anonymous_8)","decl":{"start":{"line":47,"column":4},"end":{"line":47,"column":9}},"loc":{"start":{"line":47,"column":27},"end":{"line":54,"column":5}}},"5":{"name":"(anonymous_9)","decl":{"start":{"line":57,"column":4},"end":{"line":57,"column":9}},"loc":{"start":{"line":61,"column":68},"end":{"line":68,"column":5}}},"6":{"name":"(anonymous_10)","decl":{"start":{"line":71,"column":4},"end":{"line":71,"column":9}},"loc":{"start":{"line":73,"column":41},"end":{"line":80,"column":5}}},"7":{"name":"(anonymous_11)","decl":{"start":{"line":83,"column":4},"end":{"line":83,"column":9}},"loc":{"start":{"line":83,"column":81},"end":{"line":89,"column":5}}},"8":{"name":"(anonymous_12)","decl":{"start":{"line":92,"column":4},"end":{"line":92,"column":9}},"loc":{"start":{"line":92,"column":101},"end":{"line":94,"column":5}}},"9":{"name":"(anonymous_13)","decl":{"start":{"line":97,"column":4},"end":{"line":97,"column":9}},"loc":{"start":{"line":97,"column":80},"end":{"line":103,"column":5}}},"10":{"name":"(anonymous_14)","decl":{"start":{"line":106,"column":4},"end":{"line":106,"column":9}},"loc":{"start":{"line":106,"column":42},"end":{"line":112,"column":5}}},"11":{"name":"(anonymous_15)","decl":{"start":{"line":15,"column":11},"end":{"line":15,"column":14}},"loc":{"start":{"line":15,"column":17},"end":{"line":15,"column":24}}},"12":{"name":"(anonymous_16)","decl":{"start":{"line":24,"column":11},"end":{"line":24,"column":14}},"loc":{"start":{"line":24,"column":17},"end":{"line":24,"column":31}}},"13":{"name":"(anonymous_17)","decl":{"start":{"line":26,"column":21},"end":{"line":26,"column":24}},"loc":{"start":{"line":26,"column":27},"end":{"line":26,"column":30}}},"14":{"name":"(anonymous_18)","decl":{"start":{"line":27,"column":22},"end":{"line":27,"column":25}},"loc":{"start":{"line":27,"column":28},"end":{"line":27,"column":31}}},"15":{"name":"(anonymous_19)","decl":{"start":{"line":28,"column":21},"end":{"line":28,"column":24}},"loc":{"start":{"line":28,"column":27},"end":{"line":28,"column":35}}},"16":{"name":"(anonymous_20)","decl":{"start":{"line":37,"column":11},"end":{"line":37,"column":14}},"loc":{"start":{"line":37,"column":17},"end":{"line":37,"column":22}}},"17":{"name":"(anonymous_21)","decl":{"start":{"line":46,"column":11},"end":{"line":46,"column":14}},"loc":{"start":{"line":46,"column":17},"end":{"line":46,"column":29}}},"18":{"name":"(anonymous_22)","decl":{"start":{"line":56,"column":14},"end":{"line":56,"column":17}},"loc":{"start":{"line":56,"column":20},"end":{"line":56,"column":25}}},"19":{"name":"(anonymous_23)","decl":{"start":{"line":70,"column":14},"end":{"line":70,"column":17}},"loc":{"start":{"line":70,"column":20},"end":{"line":70,"column":26}}},"20":{"name":"(anonymous_24)","decl":{"start":{"line":82,"column":14},"end":{"line":82,"column":17}},"loc":{"start":{"line":82,"column":20},"end":{"line":82,"column":26}}},"21":{"name":"(anonymous_25)","decl":{"start":{"line":91,"column":14},"end":{"line":91,"column":17}},"loc":{"start":{"line":91,"column":20},"end":{"line":91,"column":26}}},"22":{"name":"(anonymous_26)","decl":{"start":{"line":96,"column":14},"end":{"line":96,"column":17}},"loc":{"start":{"line":96,"column":20},"end":{"line":96,"column":25}}},"23":{"name":"(anonymous_27)","decl":{"start":{"line":97,"column":35},"end":{"line":97,"column":38}},"loc":{"start":{"line":97,"column":41},"end":{"line":97,"column":56}}},"24":{"name":"(anonymous_28)","decl":{"start":{"line":105,"column":14},"end":{"line":105,"column":17}},"loc":{"start":{"line":105,"column":20},"end":{"line":105,"column":26}}}},"branchMap":{},"s":{"0":0,"1":0,"2":0,"3":0,"4":0,"5":0,"6":0,"7":0,"8":0,"9":0,"10":0,"11":0,"12":0,"13":0,"14":0,"15":0,"16":0,"17":0,"18":0,"19":0,"20":0,"21":0,"22":0,"23":0,"24":0,"25":0,"26":0,"27":0,"28":0,"29":0,"30":0,"31":0,"32":0,"33":0,"34":0,"35":0,"36":0,"37":0,"38":0,"39":0,"40":0,"41":0,"42":0,"43":0,"44":0,"45":0,"46":0,"47":0,"48":0,"49":0,"50":0,"51":0,"52":0,"53":0,"54":0,"55":0,"56":0,"57":0,"58":0,"59":0,"60":0,"61":0},"f":{"0":0,"1":0,"2":0,"3":0,"4":0,"5":0,"6":0,"7":0,"8":0,"9":0,"10":0,"11":0,"12":0,"13":0,"14":0,"15":0,"16":0,"17":0,"18":0,"19":0,"20":0,"21":0,"22":0,"23":0,"24":0},"b":{}}
,"C:\\.Santhosh\\GIT Repo\\ProjectUsingTypeORM\\backend\\src\\modules\\user\\user.service.ts": {"path":"C:\\.Santhosh\\GIT Repo\\ProjectUsingTypeORM\\backend\\src\\modules\\user\\user.service.ts","statementMap":{"0":{"start":{"line":1,"column":0},"end":{"line":1,"column":31}},"1":{"start":{"line":2,"column":0},"end":{"line":2,"column":27}},"2":{"start":{"line":3,"column":0},"end":{"line":3,"column":45}},"3":{"start":{"line":4,"column":0},"end":{"line":4,"column":54}},"4":{"start":{"line":5,"column":0},"end":{"line":5,"column":52}},"5":{"start":{"line":6,"column":0},"end":{"line":6,"column":28}},"6":{"start":{"line":8,"column":0},"end":{"line":8,"column":54}},"7":{"start":{"line":9,"column":0},"end":{"line":9,"column":65}},"8":{"start":{"line":10,"column":0},"end":{"line":10,"column":54}},"9":{"start":{"line":12,"column":0},"end":{"line":12,"column":60}},"10":{"start":{"line":14,"column":0},"end":{"line":14,"column":16}},"11":{"start":{"line":15,"column":24},"end":{"line":15,"column":40}},"12":{"start":{"line":23,"column":8},"end":{"line":23,"column":62}},"13":{"start":{"line":24,"column":8},"end":{"line":24,"column":64}},"14":{"start":{"line":28,"column":8},"end":{"line":33,"column":9}},"15":{"start":{"line":29,"column":12},"end":{"line":29,"column":94}},"16":{"start":{"line":32,"column":12},"end":{"line":32,"column":70}},"17":{"start":{"line":37,"column":8},"end":{"line":44,"column":9}},"18":{"start":{"line":38,"column":40},"end":{"line":39,"column":96}},"19":{"start":{"line":40,"column":12},"end":{"line":40,"column":41}},"20":{"start":{"line":43,"column":12},"end":{"line":43,"column":68}},"21":{"start":{"line":48,"column":8},"end":{"line":60,"column":9}},"22":{"start":{"line":49,"column":25},"end":{"line":49,"column":117}},"23":{"start":{"line":50,"column":12},"end":{"line":52,"column":13}},"24":{"start":{"line":51,"column":16},"end":{"line":51,"column":42}},"25":{"start":{"line":53,"column":12},"end":{"line":55,"column":13}},"26":{"start":{"line":54,"column":16},"end":{"line":54,"column":74}},"27":{"start":{"line":56,"column":12},"end":{"line":56,"column":24}},"28":{"start":{"line":59,"column":12},"end":{"line":59,"column":null}},"29":{"start":{"line":64,"column":8},"end":{"line":75,"column":9}},"30":{"start":{"line":65,"column":26},"end":{"line":65,"column":90}},"31":{"start":{"line":66,"column":12},"end":{"line":68,"column":13}},"32":{"start":{"line":67,"column":16},"end":{"line":67,"column":42}},"33":{"start":{"line":69,"column":27},"end":{"line":69,"column":35}},"34":{"start":{"line":70,"column":27},"end":{"line":70,"column":49}},"35":{"start":{"line":71,"column":12},"end":{"line":71,"column":37}},"36":{"start":{"line":74,"column":12},"end":{"line":74,"column":70}},"37":{"start":{"line":79,"column":8},"end":{"line":86,"column":9}},"38":{"start":{"line":80,"column":35},"end":{"line":80,"column":66}},"39":{"start":{"line":81,"column":28},"end":{"line":81,"column":103}},"40":{"start":{"line":82,"column":12},"end":{"line":82,"column":53}},"41":{"start":{"line":85,"column":12},"end":{"line":85,"column":71}},"42":{"start":{"line":90,"column":8},"end":{"line":104,"column":9}},"43":{"start":{"line":91,"column":25},"end":{"line":91,"column":80}},"44":{"start":{"line":92,"column":12},"end":{"line":94,"column":13}},"45":{"start":{"line":93,"column":16},"end":{"line":93,"column":109}},"46":{"start":{"line":95,"column":26},"end":{"line":95,"column":157}},"47":{"start":{"line":97,"column":12},"end":{"line":100,"column":13}},"48":{"start":{"line":98,"column":16},"end":{"line":98,"column":44}},"49":{"start":{"line":99,"column":16},"end":{"line":99,"column":53}},"50":{"start":{"line":101,"column":12},"end":{"line":101,"column":25}},"51":{"start":{"line":103,"column":12},"end":{"line":103,"column":68}},"52":{"start":{"line":108,"column":8},"end":{"line":115,"column":9}},"53":{"start":{"line":109,"column":35},"end":{"line":109,"column":66}},"54":{"start":{"line":110,"column":27},"end":{"line":110,"column":93}},"55":{"start":{"line":111,"column":12},"end":{"line":111,"column":101}},"56":{"start":{"line":114,"column":12},"end":{"line":114,"column":73}},"57":{"start":{"line":119,"column":8},"end":{"line":151,"column":9}},"58":{"start":{"line":120,"column":33},"end":{"line":120,"column":88}},"59":{"start":{"line":121,"column":12},"end":{"line":121,"column":70}},"60":{"start":{"line":121,"column":30},"end":{"line":121,"column":70}},"61":{"start":{"line":122,"column":38},"end":{"line":122,"column":56}},"62":{"start":{"line":123,"column":39},"end":{"line":123,"column":79}},"63":{"start":{"line":124,"column":28},"end":{"line":124,"column":155}},"64":{"start":{"line":125,"column":12},"end":{"line":125,"column":52}},"65":{"start":{"line":126,"column":12},"end":{"line":147,"column":15}},"66":{"start":{"line":148,"column":12},"end":{"line":148,"column":46}},"67":{"start":{"line":150,"column":12},"end":{"line":150,"column":56}},"68":{"start":{"line":155,"column":8},"end":{"line":163,"column":9}},"69":{"start":{"line":156,"column":25},"end":{"line":156,"column":87}},"70":{"start":{"line":157,"column":12},"end":{"line":157,"column":49}},"71":{"start":{"line":157,"column":23},"end":{"line":157,"column":49}},"72":{"start":{"line":158,"column":12},"end":{"line":158,"column":39}},"73":{"start":{"line":159,"column":12},"end":{"line":159,"column":56}},"74":{"start":{"line":162,"column":12},"end":{"line":162,"column":71}},"75":{"start":{"line":167,"column":8},"end":{"line":195,"column":9}},"76":{"start":{"line":168,"column":25},"end":{"line":168,"column":100}},"77":{"start":{"line":169,"column":12},"end":{"line":169,"column":49}},"78":{"start":{"line":169,"column":23},"end":{"line":169,"column":49}},"79":{"start":{"line":170,"column":12},"end":{"line":172,"column":13}},"80":{"start":{"line":171,"column":16},"end":{"line":171,"column":145}},"81":{"start":{"line":173,"column":27},"end":{"line":173,"column":116}},"82":{"start":{"line":174,"column":12},"end":{"line":190,"column":13}},"83":{"start":{"line":175,"column":16},"end":{"line":188,"column":19}},"84":{"start":{"line":189,"column":16},"end":{"line":189,"column":52}},"85":{"start":{"line":191,"column":12},"end":{"line":191,"column":44}},"86":{"start":{"line":194,"column":12},"end":{"line":194,"column":63}},"87":{"start":{"line":17,"column":0},"end":{"line":17,"column":13}}},"fnMap":{"0":{"name":"(anonymous_1)","decl":{"start":{"line":22,"column":4},"end":{"line":22,"column":null}},"loc":{"start":{"line":22,"column":4},"end":{"line":25,"column":5}}},"1":{"name":"(anonymous_2)","decl":{"start":{"line":27,"column":4},"end":{"line":27,"column":9}},"loc":{"start":{"line":27,"column":21},"end":{"line":34,"column":5}}},"2":{"name":"(anonymous_3)","decl":{"start":{"line":36,"column":4},"end":{"line":36,"column":9}},"loc":{"start":{"line":36,"column":76},"end":{"line":45,"column":5}}},"3":{"name":"(anonymous_4)","decl":{"start":{"line":47,"column":4},"end":{"line":47,"column":9}},"loc":{"start":{"line":47,"column":32},"end":{"line":61,"column":5}}},"4":{"name":"(anonymous_5)","decl":{"start":{"line":63,"column":4},"end":{"line":63,"column":9}},"loc":{"start":{"line":63,"column":30},"end":{"line":76,"column":5}}},"5":{"name":"(anonymous_6)","decl":{"start":{"line":78,"column":4},"end":{"line":78,"column":9}},"loc":{"start":{"line":78,"column":84},"end":{"line":87,"column":5}}},"6":{"name":"(anonymous_7)","decl":{"start":{"line":89,"column":4},"end":{"line":89,"column":9}},"loc":{"start":{"line":89,"column":51},"
[...]
},"loc":{"start":{"line":166,"column":31},"end":{"line":196,"column":5}}}},"branchMap":{"0":{"loc":{"start":{"line":38,"column":88},"end":{"line":38,"column":108}},"type":"cond-expr","locations":[{"start":{"line":38,"column":95},"end":{"line":38,"column":103}},{"start":{"line":38,"column":106},"end":{"line":38,"column":108}}]},"1":{"loc":{"start":{"line":50,"column":12},"end":{"line":52,"column":13}},"type":"if","locations":[{"start":{"line":50,"column":12},"end":{"line":52,"column":13}}]},"2":{"loc":{"start":{"line":53,"column":12},"end":{"line":55,"column":13}},"type":"if","locations":[{"start":{"line":53,"column":12},"end":{"line":55,"column":13}}]},"3":{"loc":{"start":{"line":53,"column":15},"end":{"line":53,"column":31}},"type":"binary-expr","locations":[{"start":{"line":53,"column":15},"end":{"line":53,"column":19}},{"start":{"line":53,"column":23},"end":{"line":53,"column":31}}]},"4":{"loc":{"start":{"line":66,"column":12},"end":{"line":68,"column":13}},"type":"if","locations":[{"start":{"line":66,"column":12},"end":{"line":68,"column":13}}]},"5":{"loc":{"start":{"line":92,"column":12},"end":{"line":94,"column":13}},"type":"if","locations":[{"start":{"line":92,"column":12},"end":{"line":94,"column":13}}]},"6":{"loc":{"start":{"line":92,"column":16},"end":{"line":92,"column":104}},"type":"binary-expr","locations":[{"start":{"line":92,"column":16},"end":{"line":92,"column":43}},{"start":{"line":92,"column":47},"end":{"line":92,"column":52}},{"start":{"line":92,"column":56},"end":{"line":92,"column":104}}]},"7":{"loc":{"start":{"line":92,"column":16},"end":{"line":92,"column":28}},"type":"cond-expr","locations":[{"start":{"line":92,"column":20},"end":{"line":92,"column":22}},{"start":{"line":92,"column":16},"end":{"line":92,"column":28}}]},"8":{"loc":{"start":{"line":92,"column":16},"end":{"line":92,"column":22}},"type":"binary-expr","locations":[{"start":{"line":92,"column":16},"end":{"line":92,"column":22}},{"start":{"line":92,"column":16},"end":{"line":92,"column":22}}]},"9":{"loc":{"start":{"line":93,"column":23},"end":{"line":93,"column":108}},"type":"cond-expr","locations":[{"start":{"line":93,"column":31},"end":{"line":93,"column":40}},{"start":{"line":93,"column":43},"end":{"line":93,"column":108}}]},"10":{"loc":{"start":{"line":93,"column":43},"end":{"line":93,"column":108}},"type":"cond-expr","locations":[{"start":{"line":93,"column":72},"end":{"line":93,"column":87}},{"start":{"line":93,"column":90},"end":{"line":93,"column":108}}]},"11":{"loc":{"start":{"line":97,"column":12},"end":{"line":100,"column":13}},"type":"if","locations":[{"start":{"line":97,"column":12},"end":{"line":100,"column":13}}]},"12":{"loc":{"start":{"line":111,"column":19},"end":{"line":111,"column":100}},"type":"cond-expr","locations":[{"start":{"line":111,"column":37},"end":{"line":111,"column":69}},{"start":{"line":111,"column":72},"end":{"line":111,"column":100}}]},"13":{"loc":{"start":{"line":121,"column":12},"end":{"line":121,"column":70}},"type":"if","locations":[{"start":{"line":121,"column":12},"end":{"line":121,"column":70}}]},"14":{"loc":{"start":{"line":157,"column":12},"end":{"line":157,"column":49}},"type":"if","locations":[{"start":{"line":157,"column":12},"end":{"line":157,"column":49}}]},"15":{"loc":{"start":{"line":169,"column":12},"end":{"line":169,"column":49}},"type":"if","locations":[{"start":{"line":169,"column":12},"end":{"line":169,"column":49}}]},"16":{"loc":{"start":{"line":170,"column":12},"end":{"line":172,"column":13}},"type":"if","locations":[{"start":{"line":170,"column":12},"end":{"line":172,"column":13}}]},"17":{"loc":{"start":{"line":170,"column":16},"end":{"line":170,"column":53}},"type":"binary-expr","locations":[{"start":{"line":170,"column":16},"end":{"line":170,"column":27}},{"start":{"line":170,"column":31},"end":{"line":170,"column":53}}]},"18":{"loc":{"start":{"line":174,"column":12},"end":{"line":190,"column":13}},"type":"if","locations":[{"start":{"line":174,"column":12},"end":{"line":190,"column":13}}]}},"s":{"0":2,"1":2,"2":2,"3":2,"4":2,"5":2,"6":2,"7":2,"8":2,"9":2,"10":2,"11":2,"12":11,"13":11,"14":2,"15":2,"16":0,"17":1,"18":1,"19":1,"20":0,"21":3,"22":3,"23":3,"24":1,"25":2,"26":1,"27":2,"28":1,"29":0,"30":0,"31":0,"32":0,"33":0,"34":0,"35":0,"36":0,"37":0,"38":0,"39":0,"40":0,"41":0,"42":4,"43":4,"44":4,"45":3,"46":1,"47":1,"48":1,"49":1,"50":1,"51":0,"52":0,"53":0,"54":0,"55":0,"56":0,"57":1,"58":1,"59":1,"60":0,"61":1,"62":1,"63":1,"64":1,"65":1,"66":1,"67":0,"68":0,"69":0,"70":0,"71":0,"72":0,"73":0,"74":0,"75":0,"76":0,"77":0,"78":0,"79":0,"80":0,"81":0,"82":0,"83":0,"84":0,"85":0,"86":0,"87":2},"f":{"0":11,"1":2,"2":1,"3":3,"4":0,"5":0,"6":4,"7":0,"8":1,"9":0,"10":0},"b":{"0":[0,1],"1":[1],"2":[1],"3":[2,2],"4":[0],"5":[3],"6":[4,3,2],"7":[1,3],"8":[4,3],"9":[1,2],"10":[1,1],"11":[1],"12":[0,0],"13":[0],"14":[0],"15":[0],"16":[0],"17":[0,0],"18":[0]}}
,"C:\\.Santhosh\\GIT Repo\\ProjectUsingTypeORM\\backend\\src\\modules\\user\\entity\\input.ts": {"path":"C:\\.Santhosh\\GIT Repo\\ProjectUsingTypeORM\\backend\\src\\modules\\user\\entity\\input.ts","statementMap":{"0":{"start":{"line":1,"column":0},"end":{"line":1,"column":65}},"1":{"start":{"line":2,"column":0},"end":{"line":2,"column":47}},"2":{"start":{"line":3,"column":0},"end":{"line":3,"column":38}},"3":{"start":{"line":6,"column":7},"end":{"line":60,"column":null}},"4":{"start":{"line":6,"column":13},"end":{"line":6,"column":28}},"5":{"start":{"line":8,"column":4},"end":{"line":8,"column":null}},"6":{"start":{"line":11,"column":4},"end":{"line":11,"column":null}},"7":{"start":{"line":14,"column":4},"end":{"line":14,"column":null}},"8":{"start":{"line":17,"column":4},"end":{"line":17,"column":null}},"9":{"start":{"line":16,"column":17},"end":{"line":16,"column":23}},"10":{"start":{"line":20,"column":4},"end":{"line":20,"column":null}},"11":{"start":{"line":23,"column":4},"end":{"line":23,"column":null}},"12":{"start":{"line":26,"column":4},"end":{"line":26,"column":null}},"13":{"start":{"line":29,"column":4},"end":{"line":29,"column":null}},"14":{"start":{"line":32,"column":4},"end":{"line":32,"column":null}},"15":{"start":{"line":35,"column":4},"end":{"line":35,"column":null}},"16":{"start":{"line":38,"column":4},"end":{"line":38,"column":null}},"17":{"start":{"line":41,"column":4},"end":{"line":41,"column":null}},"18":{"start":{"line":44,"column":4},"end":{"line":44,"column":null}},"19":{"start":{"line":47,"column":4},"end":{"line":47,"column":null}},"20":{"start":{"line":50,"column":4},"end":{"line":50,"column":null}},"21":{"start":{"line":53,"column":4},"end":{"line":53,"column":null}},"22":{"start":{"line":56,"column":4},"end":{"line":56,"column":null}},"23":{"start":{"line":55,"column":17},"end":{"line":55,"column":23}},"24":{"start":{"line":59,"column":4},"end":{"line":59,"column":null}},"25":{"start":{"line":6,"column":13},"end":{"line":60,"column":null}},"26":{"start":{"line":65,"column":7},"end":{"line":71,"column":null}},"27":{"start":{"line":65,"column":13},"end":{"line":65,"column":27}},"28":{"start":{"line":67,"column":4},"end":{"line":67,"column":null}},"29":{"start":{"line":66,"column":17},"end":{"line":66,"column":24}},"30":{"start":{"line":70,"column":4},"end":{"line":70,"column":null}},"31":{"start":{"line":69,"column":17},"end":{"line":69,"column":20}},"32":{"start":{"line":65,"column":13},"end":{"line":71,"column":null}},"33":{"start":{"line":75,"column":7},"end":{"line":81,"column":null}},"34":{"start":{"line":75,"column":13},"end":{"line":75,"column":25}},"35":{"start":{"line":77,"column":4},"end":{"line":77,"column":null}},"36":{"start":{"line":76,"column":17},"end":{"line":76,"column":22}},"37":{"start":{"line":80,"column":4},"end":{"line":80,"column":null}},"38":{"start":{"line":79,"column":17},"end":{"line":79,"column":22}},"39":{"start":{"line":75,"column":13},"end":{"line":81,"column":null}}},"fnMap":{"0":{"name":"(anonymous_2)","decl":{"start":{"line":16,"column":11},"end":{"line":16,"column":14}},"loc":{"start":{"line":16,"column":17},"end":{"line":16,"column":23}}},"1":{"name":"(anonymous_3)","decl":{"start":{"line":55,"column":11},"end":{"line":55,"column":14}},"loc":{"start":{"line":55,"column":17},"end":{"line":55,"column":23}}},"2":{"name":"(anonymous_4)","decl":{"start":{"line":66,"column":11},"end":{"line":66,"column":14}},"loc":{"start":{"line":66,"column":17},"end":{"line":66,"column":24}}},"3":{"name":"(anonymous_5)","decl":{"start":{"line":69,"column":11},"end":{"line":69,"column":14}},"loc":{"start":{"line":69,"column":17},"end":{"line":69,"column":20}}},"4":{"name":"(anonymous_6)","decl":{"start":{"line":76,"column":11},"end":{"line":76,"column":14}},"loc":{"start":{"line":76,"column":17},"end":{"line":76,"column":22}}},"5":{"name":"(anonymous_7)","decl":{"start":{"line":79,"column":11},"end":{"line":79,"column":14}},"loc":{"start":{"line":79,"column":17},"end":{"line":79,"column":22}}}},"branchMap":{},"s":{"0":0,"1":0,"2":0,"3":0,"4":0,"5":0,"6":0,"7":0,"8":0,"9":0,"10":0,"11":0,"12":0,"13":0,"14":0,"15":0,"16":0,"17":0,"18":0,"19":0,"20":0,"21":0,"22":0,"23":0,"24":0,"25":0,"26":0,"27":0,"28":0,"29":0,"30":0,"31":0,"32":0,"33":0,"34":0,"35":0,"36":0,"37":0,"38":0,"39":0},"f":{"0":0,"1":0,"2":0,"3":0,"4":0,"5":0},"b":{}}
,"C:\\.Santhosh\\GIT Repo\\ProjectUsingTypeORM\\backend\\src\\modules\\user\\entity\\user.entity.ts": {"path":"C:\\.Santhosh\\GIT Repo\\ProjectUsingTypeORM\\backend\\src\\modules\\user\\entity\\user.entity.ts","statementMap":{"0":{"start":{"line":1,"column":0},"end":{"line":1,"column":60}},"1":{"start":{"line":2,"column":0},"end":{"line":2,"column":112}},"2":{"start":{"line":3,"column":0},"end":{"line":3,"column":47}},"3":{"start":{"line":4,"column":0},"end":{"line":4,"column":57}},"4":{"start":{"line":5,"column":0},"end":{"line":5,"column":78}},"5":{"start":{"line":6,"column":0},"end":{"line":6,"column":47}},"6":{"start":{"line":10,"column":7},"end":{"line":106,"column":null}},"7":{"start":{"line":10,"column":13},"end":{"line":10,"column":18}},"8":{"start":{"line":13,"column":4},"end":{"line":13,"column":null}},"9":{"start":{"line":17,"column":4},"end":{"line":17,"column":null}},"10":{"start":{"line":21,"column":4},"end":{"line":21,"column":null}},"11":{"start":{"line":24,"column":4},"end":{"line":24,"column":null}},"12":{"start":{"line":28,"column":4},"end":{"line":28,"column":null}},"13":{"start":{"line":32,"column":4},"end":{"line":32,"column":null}},"14":{"start":{"line":31,"column":17},"end":{"line":31,"column":28}},"15":{"start":{"line":36,"column":4},"end":{"line":36,"column":null}},"16":{"start":{"line":40,"column":4},"end":{"line":40,"column":null}},"17":{"start":{"line":44,"column":4},"end":{"line":44,"column":null}},"18":{"start":{"line":48,"column":4},"end":{"line":48,"column":null}},"19":{"start":{"line":52,"column":4},"end":{"line":52,"column":null}},"20":{"start":{"line":56,"column":4},"end":{"line":56,"column":null}},"21":{"start":{"line":60,"column":4},"end":{"line":60,"column":null}},"22":{"start":{"line":64,"column":4},"end":{"line":64,"column":null}},"23":{"start":{"line":68,"column":4},"end":{"line":68,"column":null}},"24":{"start":{"line":72,"column":4},"end":{"line":72,"column":null}},"25":{"start":{"line":76,"column":4},"end":{"line":76,"column":null}},"26":{"start":{"line":80,"column":4},"end":{"line":80,"column":null}},"27":{"start":{"line":84,"column":4},"end":{"line":84,"column":null}},"28":{"start":{"line":88,"column":4},"end":{"line":88,"column":null}},"29":{"start":{"line":92,"column":4},"end":{"line":92,"column":null}},"30":{"start":{"line":96,"column":4},"end":{"line":96,"column":null}},"31":{"start":{"line":100,"column":4},"end":{"line":100,"column":null}},"32":{"start":{"line":98,"column":21},"end":{"line":98,"column":27}},"33":{"start":{"line":98,"column":40},"end":{"line":98,"column":56}},"34":{"start":{"line":99,"column":17},"end":{"line":99,"column":25}},"35":{"start":{"line":104,"column":4},"end":{"line":104,"column":null}},"36":{"start":{"line":102,"column":21},"end":{"line":102,"column":34}},"37":{"start":{"line":102,"column":54},"end":{"line":102,"column":73}},"38":{"start":{"line":103,"column":17},"end":{"line":103,"column":32}},"39":{"start":{"line":10,"column":13},"end":{"line":106,"column":null}}},"fnMap":{"0":{"name":"(anonymous_2)","decl":{"start":{"line":31,"column":11},"end":{"line":31,"column":14}},"loc":{"start":{"line":31,"column":17},"end":{"line":31,"column":28}}},"1":{"name":"(anonymous_3)","decl":{"start":{"line":98,"column":15},"end":{"line":98,"column":18}},"loc":{"start":{"line":98,"column":21},"end":{"line":98,"column":27}}},"2":{"name":"(anonymous_4)","decl":{"start":{"line":98,"column":29},"end":{"line":98,"column":30}},"loc":{"start":{"line":98,"column":40},"end":{"line":98,"column":56}}},"3":{"name":"(anonymous_5)","decl":{"start":{"line":99,"column":11},"end":{"line":99,"column":14}},"loc":{"start":{"line":99,"column":17},"end":{"line":99,"column":25}}},"4":{"name":"(anonymous_6)","decl":{"start":{"line":102,"column":15},"end":{"line":102,"column":18}},"loc":{"start":{"line":102,"column":21},"end":{"line":102,"column":34}}},"5":{"name":"(anonymous_7)","decl":{"start":{"line":102,"column":36},"end":{"line":102,"column":37}},"loc":{"start":{"line":102,"column":54},"end":{"line":102,"column":73}}},"6":{"name":"(anonymous_8)","decl":{"start":{"line":103,"column":11},"end":{"line":103,"column":14}},"loc":{"start":{"line":103,"column":17},"end":{"line":103,"column":32}}}},"branchMap":{},"s":{"0":2,"1":2,"2":2,"3":2,"4":2,"5":2,"6":2,"7":2,"8":2,"9":2,"10":2,"11":2,"12":2,"13":2,"14":0,"15":2,"16":2,"17":2,"18":2,"19":2,"20":2,"21":2,"22":2,"23":2,"24":2,"25":2,"26":2,"27":2,"28":2,"29":2,"30":2,"31":2,"32":0,"33":0,"34":0,"35":2,"36":0,"37":0,"38":0,"39":2},"f":{"0":0,"1":0,"2":0,"3":0,"4":0,"5":0,"6":0},"b":{}}
,"C:\\.Santhosh\\GIT Repo\\ProjectUsingTypeORM\\backend\\src\\modules\\user\\entity\\user.enum.ts": {"path":"C:\\.Santhosh\\GIT Repo\\ProjectUsingTypeORM\\backend\\src\\modules\\user\\entity\\user.enum.ts","statementMap":{"0":{"start":{"line":1,"column":0},"end":{"line":1,"column":48}},"1":{"start":{"line":3,"column":0},"end":{"line":3,"column":null}},"2":{"start":{"line":4,"column":4},"end":{"line":4,"column":null}},"3":{"start":{"line":5,"column":4},"end":{"line":5,"column":null}},"4":{"start":{"line":9,"column":0},"end":{"line":9,"column":null}},"5":{"start":{"line":10,"column":4},"end":{"line":10,"column":null}},"6":{"start":{"line":11,"column":4},"end":{"line":11,"column":null}},"7":{"start":{"line":14,"column":0},"end":{"line":14,"column":47}}},"fnMap":{"0":{"name":"(anonymous_0)","decl":{"start":{"line":3,"column":0},"end":{"line":3,"column":12}},"loc":{"start":{"line":3,"column":20},"end":{"line":6,"column":1}}},"1":{"name":"(anonymous_1)","decl":{"start":{"line":9,"column":0},"end":{"line":9,"column":12}},"loc":{"start":{"line":9,"column":18},"end":{"line":12,"column":1}}}},"branchMap":{"0":{"loc":{"start":{"line":3,"column":12},"end":{"line":3,"column":null}},"type":"binary-expr","locations":[{"start":{"line":3,"column":12},"end":{"line":3,"column":20}},{"start":{"line":3,"column":20},"end":{"line":3,"column":null}}]},"1":{"loc":{"start":{"line":9,"column":12},"end":{"line":9,"column":null}},"type":"binary-expr","locations":[{"start":{"line":9,"column":12},"end":{"line":9,"column":18}},{"start":{"line":9,"column":18},"end":{"line":9,"column":null}}]}},"s":{"0":2,"1":2,"2":2,"3":2,"4":2,"5":2,"6":2,"7":2},"f":{"0":2,"1":2},"b":{"0":[2,2],"1":[2,2]}}
,"C:\\.Santhosh\\GIT Repo\\ProjectUsingTypeORM\\backend\\src\\modules\\user\\entity\\__tests__\\login.mock.ts": {"path":"C:\\.Santhosh\\GIT Repo\\ProjectUsingTypeORM\\backend\\src\\modules\\user\\entity\\__tests__\\login.mock.ts","statementMap":{"0":{"start":{"line":1,"column":0},"end":{"line":1,"column":48}},"1":{"start":{"line":3,"column":13},"end":{"line":3,"column":37}},"2":{"start":{"line":4,"column":13},"end":{"line":4,"column":34}},"3":{"start":{"line":6,"column":13},"end":{"line":27,"column":null}},"4":{"start":{"line":29,"column":36},"end":{"line":32,"column":2}},"5":{"start":{"line":34,"column":0},"end":{"line":34,"column":35}}},"fnMap":{},"branchMap":{},"s":{"0":2,"1":2,"2":2,"3":2,"4":2,"5":2},"f":{},"b":{}}
,"C:\\.Santhosh\\GIT Repo\\ProjectUsingTypeORM\\backend\\src\\modules\\user\\entity\\__tests__\\users.mock.ts": {"path":"C:\\.Santhosh\\GIT Repo\\ProjectUsingTypeORM\\backend\\src\\modules\\user\\entity\\__tests__\\users.mock.ts","statementMap":{"0":{"start":{"line":1,"column":13},"end":{"line":1,"column":34}},"1":{"start":{"line":2,"column":13},"end":{"line":2,"column":37}},"2":{"start":{"line":3,"column":13},"end":{"line":3,"column":36}},"3":{"start":{"line":4,"column":13},"end":{"line":4,"column":42}},"4":{"start":{"line":5,"column":13},"end":{"line":5,"column":36}},"5":{"start":{"line":6,"column":13},"end":{"line":6,"column":34}},"6":{"start":{"line":8,"column":36},"end":{"line":15,"column":null}},"7":{"start":{"line":17,"column":0},"end":{"line":17,"column":35}}},"fnMap":{},"branchMap":{},"s":{"0":1,"1":1,"2":1,"3":1,"4":1,"5":1,"6":1,"7":1},"f":{},"b":{}}
,"C:\\.Santhosh\\GIT Repo\\ProjectUsingTypeORM\\backend\\src\\utils\\mailer\\mailer.ts": {"path":"C:\\.Santhosh\\GIT Repo\\ProjectUsingTypeORM\\backend\\src\\utils\\mailer\\mailer.ts","statementMap":{"0":{"start":{"line":21,"column":0},"end":{"line":21,"column":7}},"1":{"start":{"line":1,"column":0},"end":{"line":1,"column":36}},"2":{"start":{"line":2,"column":0},"end":{"line":2,"column":28}},"3":{"start":{"line":4,"column":0},"end":{"line":4,"column":16}},"4":{"start":{"line":12,"column":20},"end":{"line":19,"column":2}},"5":{"start":{"line":22,"column":24},"end":{"line":22,"column":85}},"6":{"start":{"line":23,"column":4},"end":{"line":30,"column":5}},"7":{"start":{"line":24,"column":8},"end":{"line":24,"column":48}},"8":{"start":{"line":25,"column":8},"end":{"line":25,"column":54}},"9":{"start":{"line":28,"column":8},"end":{"line":28,"column":46}},"10":{"start":{"line":29,"column":8},"end":{"line":29,"column":20}}},"fnMap":{"0":{"name":"sendEmail","decl":{"start":{"line":21,"column":22},"end":{"line":21,"column":31}},"loc":{"start":{"line":21,"column":64},"end":{"line":31,"column":1}}}},"branchMap":{},"s":{"0":1,"1":1,"2":1,"3":1,"4":1,"5":0,"6":0,"7":0,"8":0,"9":0,"10":0},"f":{"0":0},"b":{}}
,"C:\\.Santhosh\\GIT Repo\\ProjectUsingTypeORM\\backend\\src\\utils\\password\\password.ts": {"path":"C:\\.Santhosh\\GIT Repo\\ProjectUsingTypeORM\\backend\\src\\utils\\password\\password.ts","statementMap":{"0":{"start":{"line":1,"column":0},"end":{"line":1,"column":28}},"1":{"start":{"line":3,"column":32},"end":{"line":16,"column":1}},"2":{"start":{"line":4,"column":22},"end":{"line":4,"column":50}},"3":{"start":{"line":5,"column":22},"end":{"line":5,"column":50}},"4":{"start":{"line":6,"column":30},"end":{"line":6,"column":47}},"5":{"start":{"line":7,"column":20},"end":{"line":7,"column":32}},"6":{"start":{"line":8,"column":19},"end":{"line":8,"column":21}},"7":{"start":{"line":9,"column":4},"end":{"line":9,"column":65}},"8":{"start":{"line":10,"column":4},"end":{"line":10,"column":81}},"9":{"start":{"line":11,"column":4},"end":{"line":11,"column":61}},"10":{"start":{"line":12,"column":4},"end":{"line":14,"column":5}},"11":{"start":{"line":12,"column":17},"end":{"line":12,"column":32}},"12":{"start":{"line":13,"column":8},"end":{"line":13,"column":69}},"13":{"start":{"line":15,"column":4},"end":{"line":15,"column":20}},"14":{"start":{"line":3,"column":13},"end":{"line":3,"column":32}}},"fnMap":{"0":{"name":"(anonymous_1)","decl":{"start":{"line":3,"column":32},"end":{"line":3,"column":33}},"loc":{"start":{"line":3,"column":47},"end":{"line":16,"column":1}}}},"branchMap":{"0":{"loc":{"start":{"line":3,"column":33},"end":{"line":3,"column":43}},"type":"default-arg","locations":[{"start":{"line":3,"column":42},"end":{"line":3,"column":43}}]}},"s":{"0":2,"1":2,"2":1,"3":1,"4":1,"5":1,"6":1,"7":1,"8":1,"9":1,"10":1,"11":1,"12":5,"13":1,"14":2},"f":{"0":1},"b":{"0":[1]}}
}
